2018-06-29 14:20:10.875 [restartedMain] DEBUG net.sppan.base.config.listener.ApplicationEventListener - 初始化环境变量
2018-06-29 14:20:11.003 [restartedMain] INFO  net.sppan.base.Application - Starting Application on SOFT-LIN with PID 5876 (C:\Users\Administrator\Desktop\advertising\springboot_authority\target\classes started by Administrator in C:\Users\Administrator\Desktop\advertising\springboot_authority)
2018-06-29 14:20:11.004 [restartedMain] DEBUG net.sppan.base.Application - Running with Spring Boot v1.5.2.RELEASE, Spring v4.3.7.RELEASE
2018-06-29 14:20:11.004 [restartedMain] INFO  net.sppan.base.Application - No active profile set, falling back to default profiles: default
2018-06-29 14:20:11.108 [restartedMain] DEBUG net.sppan.base.config.listener.ApplicationEventListener - 初始化环境变量完成
2018-06-29 14:20:11.571 [background-preinit] DEBUG org.jboss.logging - Logging Provider: org.jboss.logging.Slf4jLoggerProvider found via system property
2018-06-29 14:20:13.176 [restartedMain] DEBUG net.sf.ehcache.config.ConfigurationFactory - Configuring ehcache from InputStream
2018-06-29 14:20:13.186 [restartedMain] DEBUG net.sf.ehcache.config.BeanHandler - Ignoring ehcache attribute xmlns:xsi
2018-06-29 14:20:13.186 [restartedMain] DEBUG net.sf.ehcache.config.BeanHandler - Ignoring ehcache attribute xsi:noNamespaceSchemaLocation
2018-06-29 14:20:13.187 [restartedMain] DEBUG net.sf.ehcache.config.DiskStoreConfiguration - Disk Store Path: C:\Users\Administrator\AppData\Local\Temp\
2018-06-29 14:20:13.216 [restartedMain] DEBUG net.sf.ehcache.util.PropertyUtil - propertiesString is null.
2018-06-29 14:20:13.225 [restartedMain] DEBUG net.sf.ehcache.config.ConfigurationHelper - No CacheManagerEventListenerFactory class specified. Skipping...
2018-06-29 14:20:13.342 [restartedMain] DEBUG net.sf.ehcache.Cache - No BootstrapCacheLoaderFactory class specified. Skipping...
2018-06-29 14:20:13.342 [restartedMain] DEBUG net.sf.ehcache.Cache - CacheWriter factory not configured. Skipping...
2018-06-29 14:20:13.342 [restartedMain] DEBUG net.sf.ehcache.config.ConfigurationHelper - No CacheExceptionHandlerFactory class specified. Skipping...
2018-06-29 14:20:13.349 [restartedMain] DEBUG net.sf.ehcache.Cache - No BootstrapCacheLoaderFactory class specified. Skipping...
2018-06-29 14:20:13.349 [restartedMain] DEBUG net.sf.ehcache.Cache - CacheWriter factory not configured. Skipping...
2018-06-29 14:20:13.349 [restartedMain] DEBUG net.sf.ehcache.config.ConfigurationHelper - No CacheExceptionHandlerFactory class specified. Skipping...
2018-06-29 14:20:13.350 [restartedMain] WARN  net.sf.ehcache.config.CacheConfiguration - Configuration problem for cache resourceCache: MaxEntriesLocalHeap equal or greater than MaxEntriesLocalDisk. This will result in useless disk storage.
2018-06-29 14:20:13.362 [restartedMain] DEBUG net.sf.ehcache.DiskStorePathManager - Using diskstore path C:\Users\Administrator\AppData\Local\Temp
2018-06-29 14:20:13.362 [restartedMain] DEBUG net.sf.ehcache.DiskStorePathManager - Holding exclusive lock on C:\Users\Administrator\AppData\Local\Temp\.ehcache-diskstore.lock
2018-06-29 14:20:13.365 [restartedMain] DEBUG net.sf.ehcache.store.disk.DiskStorageFactory - Failed to delete file resource%0043ache.index
2018-06-29 14:20:13.372 [restartedMain] DEBUG net.sf.ehcache.store.disk.DiskStorageFactory - Matching data file missing (or empty) for index file. Deleting index file C:\Users\Administrator\AppData\Local\Temp\resource%0043ache.index
2018-06-29 14:20:13.373 [restartedMain] DEBUG net.sf.ehcache.store.disk.DiskStorageFactory - Failed to delete file resource%0043ache.index
2018-06-29 14:20:13.443 [restartedMain] DEBUG net.sf.ehcache.statistics.extended.ExtendedStatisticsImpl - Mocking Pass-Through Statistic: LOCAL_OFFHEAP_SIZE
2018-06-29 14:20:13.444 [restartedMain] DEBUG net.sf.ehcache.statistics.extended.ExtendedStatisticsImpl - Mocking Pass-Through Statistic: LOCAL_OFFHEAP_SIZE_BYTES
2018-06-29 14:20:13.444 [restartedMain] DEBUG net.sf.ehcache.statistics.extended.ExtendedStatisticsImpl - Mocking Pass-Through Statistic: WRITER_QUEUE_LENGTH
2018-06-29 14:20:13.444 [restartedMain] DEBUG net.sf.ehcache.statistics.extended.ExtendedStatisticsImpl - Mocking Pass-Through Statistic: REMOTE_SIZE
2018-06-29 14:20:13.444 [restartedMain] DEBUG net.sf.ehcache.statistics.extended.ExtendedStatisticsImpl - Mocking Pass-Through Statistic: LAST_REJOIN_TIMESTAMP
2018-06-29 14:20:13.456 [restartedMain] DEBUG net.sf.ehcache.statistics.extended.ExtendedStatisticsImpl - Mocking Operation Statistic: OFFHEAP_GET
2018-06-29 14:20:13.457 [restartedMain] DEBUG net.sf.ehcache.statistics.extended.ExtendedStatisticsImpl - Mocking Operation Statistic: OFFHEAP_PUT
2018-06-29 14:20:13.457 [restartedMain] DEBUG net.sf.ehcache.statistics.extended.ExtendedStatisticsImpl - Mocking Operation Statistic: OFFHEAP_REMOVE
2018-06-29 14:20:13.457 [restartedMain] DEBUG net.sf.ehcache.statistics.extended.ExtendedStatisticsImpl - Mocking Operation Statistic: XA_COMMIT
2018-06-29 14:20:13.458 [restartedMain] DEBUG net.sf.ehcache.statistics.extended.ExtendedStatisticsImpl - Mocking Operation Statistic: XA_ROLLBACK
2018-06-29 14:20:13.458 [restartedMain] DEBUG net.sf.ehcache.statistics.extended.ExtendedStatisticsImpl - Mocking Operation Statistic: XA_RECOVERY
2018-06-29 14:20:13.458 [restartedMain] DEBUG net.sf.ehcache.statistics.extended.ExtendedStatisticsImpl - Mocking Operation Statistic: CLUSTER_EVENT
2018-06-29 14:20:13.458 [restartedMain] DEBUG net.sf.ehcache.statistics.extended.ExtendedStatisticsImpl - Mocking Operation Statistic: NONSTOP
2018-06-29 14:20:13.462 [restartedMain] DEBUG net.sf.ehcache.Cache - Initialised cache: resourceCache
2018-06-29 14:20:13.462 [restartedMain] DEBUG net.sf.ehcache.config.ConfigurationHelper - CacheDecoratorFactory not configured. Skipping for 'resourceCache'.
2018-06-29 14:20:13.462 [restartedMain] DEBUG net.sf.ehcache.config.ConfigurationHelper - CacheDecoratorFactory not configured for defaultCache. Skipping for 'resourceCache'.
2018-06-29 14:20:13.961 [restartedMain] INFO  com.alibaba.druid.pool.DruidDataSource - {dataSource-1} inited
2018-06-29 14:20:16.411 [restartedMain] INFO  org.apache.catalina.core.StandardService - Starting service Tomcat
2018-06-29 14:20:16.413 [restartedMain] INFO  org.apache.catalina.core.StandardEngine - Starting Servlet Engine: Apache Tomcat/8.5.11
2018-06-29 14:20:16.512 [localhost-startStop-1] INFO  org.apache.catalina.core.ContainerBase.[Tomcat].[localhost].[/] - Initializing Spring embedded WebApplicationContext
2018-06-29 14:20:18.213 [restartedMain] DEBUG net.sppan.base.config.listener.ApplicationEventListener - 应用刷新
2018-06-29 14:20:18.222 [restartedMain] INFO  org.apache.coyote.http11.Http11NioProtocol - Initializing ProtocolHandler ["http-nio-8080"]
2018-06-29 14:20:18.231 [restartedMain] INFO  org.apache.coyote.http11.Http11NioProtocol - Starting ProtocolHandler [http-nio-8080]
2018-06-29 14:20:18.240 [restartedMain] INFO  org.apache.tomcat.util.net.NioSelectorPool - Using a shared selector for servlet write/read
2018-06-29 14:20:18.274 [restartedMain] DEBUG net.sppan.base.config.listener.ApplicationEventListener - 应用已启动完成
2018-06-29 14:20:18.275 [restartedMain] INFO  net.sppan.base.Application - Started Application in 7.588 seconds (JVM running for 8.359)
2018-06-29 14:20:18.275 [restartedMain] DEBUG net.sppan.base.Application - 启动成功
2018-06-29 14:26:28.627 [http-nio-8080-exec-1] INFO  org.apache.catalina.core.ContainerBase.[Tomcat].[localhost].[/] - Initializing Spring FrameworkServlet 'dispatcherServlet'
2018-06-29 14:26:28.946 [http-nio-8080-exec-1] DEBUG org.hibernate.SQL - select user0_.id as id1_3_, user0_.address as address2_3_, user0_.birthday as birthday3_3_, user0_.create_time as create_t4_3_, user0_.delete_status as delete_s5_3_, user0_.description as descript6_3_, user0_.email as email7_3_, user0_.locked as locked8_3_, user0_.nick_name as nick_nam9_3_, user0_.password as passwor10_3_, user0_.sex as sex11_3_, user0_.telephone as telepho12_3_, user0_.update_time as update_13_3_, user0_.user_name as user_na14_3_ from tb_user user0_
2018-06-29 14:26:29.039 [http-nio-8080-exec-1] DEBUG net.sppan.base.controller.web.IndexController - [net.sppan.base.entity.User@703b0c13, net.sppan.base.entity.User@7b488fdf]
2018-06-29 14:27:20.742 [http-nio-8080-exec-3] DEBUG org.hibernate.SQL - select user0_.id as id1_3_, user0_.address as address2_3_, user0_.birthday as birthday3_3_, user0_.create_time as create_t4_3_, user0_.delete_status as delete_s5_3_, user0_.description as descript6_3_, user0_.email as email7_3_, user0_.locked as locked8_3_, user0_.nick_name as nick_nam9_3_, user0_.password as passwor10_3_, user0_.sex as sex11_3_, user0_.telephone as telepho12_3_, user0_.update_time as update_13_3_, user0_.user_name as user_na14_3_ from tb_user user0_ where user0_.user_name=?
2018-06-29 15:16:45.469 [restartedMain] DEBUG net.sppan.base.config.listener.ApplicationEventListener - 初始化环境变量
2018-06-29 15:16:45.579 [restartedMain] INFO  net.sppan.base.Application - Starting Application on SOFT-LIN with PID 7032 (C:\Users\Administrator\Desktop\advertising\springboot_authority\target\classes started by Administrator in C:\Users\Administrator\Desktop\advertising\springboot_authority)
2018-06-29 15:16:45.579 [restartedMain] DEBUG net.sppan.base.Application - Running with Spring Boot v1.5.2.RELEASE, Spring v4.3.7.RELEASE
2018-06-29 15:16:45.579 [restartedMain] INFO  net.sppan.base.Application - No active profile set, falling back to default profiles: default
2018-06-29 15:16:45.636 [restartedMain] DEBUG net.sppan.base.config.listener.ApplicationEventListener - 初始化环境变量完成
2018-06-29 15:16:46.169 [background-preinit] DEBUG org.jboss.logging - Logging Provider: org.jboss.logging.Slf4jLoggerProvider found via system property
2018-06-29 15:16:48.105 [restartedMain] DEBUG net.sf.ehcache.config.ConfigurationFactory - Configuring ehcache from InputStream
2018-06-29 15:16:48.114 [restartedMain] DEBUG net.sf.ehcache.config.BeanHandler - Ignoring ehcache attribute xmlns:xsi
2018-06-29 15:16:48.114 [restartedMain] DEBUG net.sf.ehcache.config.BeanHandler - Ignoring ehcache attribute xsi:noNamespaceSchemaLocation
2018-06-29 15:16:48.115 [restartedMain] DEBUG net.sf.ehcache.config.DiskStoreConfiguration - Disk Store Path: C:\Users\Administrator\AppData\Local\Temp\
2018-06-29 15:16:48.140 [restartedMain] DEBUG net.sf.ehcache.util.PropertyUtil - propertiesString is null.
2018-06-29 15:16:48.148 [restartedMain] DEBUG net.sf.ehcache.config.ConfigurationHelper - No CacheManagerEventListenerFactory class specified. Skipping...
2018-06-29 15:16:48.248 [restartedMain] DEBUG net.sf.ehcache.Cache - No BootstrapCacheLoaderFactory class specified. Skipping...
2018-06-29 15:16:48.248 [restartedMain] DEBUG net.sf.ehcache.Cache - CacheWriter factory not configured. Skipping...
2018-06-29 15:16:48.248 [restartedMain] DEBUG net.sf.ehcache.config.ConfigurationHelper - No CacheExceptionHandlerFactory class specified. Skipping...
2018-06-29 15:16:48.254 [restartedMain] DEBUG net.sf.ehcache.Cache - No BootstrapCacheLoaderFactory class specified. Skipping...
2018-06-29 15:16:48.254 [restartedMain] DEBUG net.sf.ehcache.Cache - CacheWriter factory not configured. Skipping...
2018-06-29 15:16:48.254 [restartedMain] DEBUG net.sf.ehcache.config.ConfigurationHelper - No CacheExceptionHandlerFactory class specified. Skipping...
2018-06-29 15:16:48.255 [restartedMain] WARN  net.sf.ehcache.config.CacheConfiguration - Configuration problem for cache resourceCache: MaxEntriesLocalHeap equal or greater than MaxEntriesLocalDisk. This will result in useless disk storage.
2018-06-29 15:16:48.269 [restartedMain] DEBUG net.sf.ehcache.DiskStorePathManager - Using diskstore path C:\Users\Administrator\AppData\Local\Temp
2018-06-29 15:16:48.270 [restartedMain] DEBUG net.sf.ehcache.DiskStorePathManager - Holding exclusive lock on C:\Users\Administrator\AppData\Local\Temp\.ehcache-diskstore.lock
2018-06-29 15:16:48.278 [restartedMain] DEBUG net.sf.ehcache.store.disk.DiskStorageFactory - Failed to delete file resource%0043ache.index
2018-06-29 15:16:48.284 [restartedMain] DEBUG net.sf.ehcache.store.disk.DiskStorageFactory - Matching data file missing (or empty) for index file. Deleting index file C:\Users\Administrator\AppData\Local\Temp\resource%0043ache.index
2018-06-29 15:16:48.285 [restartedMain] DEBUG net.sf.ehcache.store.disk.DiskStorageFactory - Failed to delete file resource%0043ache.index
2018-06-29 15:16:48.344 [restartedMain] DEBUG net.sf.ehcache.statistics.extended.ExtendedStatisticsImpl - Mocking Pass-Through Statistic: LOCAL_OFFHEAP_SIZE
2018-06-29 15:16:48.345 [restartedMain] DEBUG net.sf.ehcache.statistics.extended.ExtendedStatisticsImpl - Mocking Pass-Through Statistic: LOCAL_OFFHEAP_SIZE_BYTES
2018-06-29 15:16:48.345 [restartedMain] DEBUG net.sf.ehcache.statistics.extended.ExtendedStatisticsImpl - Mocking Pass-Through Statistic: WRITER_QUEUE_LENGTH
2018-06-29 15:16:48.346 [restartedMain] DEBUG net.sf.ehcache.statistics.extended.ExtendedStatisticsImpl - Mocking Pass-Through Statistic: REMOTE_SIZE
2018-06-29 15:16:48.346 [restartedMain] DEBUG net.sf.ehcache.statistics.extended.ExtendedStatisticsImpl - Mocking Pass-Through Statistic: LAST_REJOIN_TIMESTAMP
2018-06-29 15:16:48.353 [restartedMain] DEBUG net.sf.ehcache.statistics.extended.ExtendedStatisticsImpl - Mocking Operation Statistic: OFFHEAP_GET
2018-06-29 15:16:48.353 [restartedMain] DEBUG net.sf.ehcache.statistics.extended.ExtendedStatisticsImpl - Mocking Operation Statistic: OFFHEAP_PUT
2018-06-29 15:16:48.353 [restartedMain] DEBUG net.sf.ehcache.statistics.extended.ExtendedStatisticsImpl - Mocking Operation Statistic: OFFHEAP_REMOVE
2018-06-29 15:16:48.354 [restartedMain] DEBUG net.sf.ehcache.statistics.extended.ExtendedStatisticsImpl - Mocking Operation Statistic: XA_COMMIT
2018-06-29 15:16:48.354 [restartedMain] DEBUG net.sf.ehcache.statistics.extended.ExtendedStatisticsImpl - Mocking Operation Statistic: XA_ROLLBACK
2018-06-29 15:16:48.354 [restartedMain] DEBUG net.sf.ehcache.statistics.extended.ExtendedStatisticsImpl - Mocking Operation Statistic: XA_RECOVERY
2018-06-29 15:16:48.354 [restartedMain] DEBUG net.sf.ehcache.statistics.extended.ExtendedStatisticsImpl - Mocking Operation Statistic: CLUSTER_EVENT
2018-06-29 15:16:48.354 [restartedMain] DEBUG net.sf.ehcache.statistics.extended.ExtendedStatisticsImpl - Mocking Operation Statistic: NONSTOP
2018-06-29 15:16:48.358 [restartedMain] DEBUG net.sf.ehcache.Cache - Initialised cache: resourceCache
2018-06-29 15:16:48.358 [restartedMain] DEBUG net.sf.ehcache.config.ConfigurationHelper - CacheDecoratorFactory not configured. Skipping for 'resourceCache'.
2018-06-29 15:16:48.358 [restartedMain] DEBUG net.sf.ehcache.config.ConfigurationHelper - CacheDecoratorFactory not configured for defaultCache. Skipping for 'resourceCache'.
2018-06-29 15:16:48.877 [restartedMain] INFO  com.alibaba.druid.pool.DruidDataSource - {dataSource-1} inited
2018-06-29 15:16:51.622 [restartedMain] INFO  org.apache.catalina.core.StandardService - Starting service Tomcat
2018-06-29 15:16:51.623 [restartedMain] INFO  org.apache.catalina.core.StandardEngine - Starting Servlet Engine: Apache Tomcat/8.5.11
2018-06-29 15:16:51.719 [localhost-startStop-1] INFO  org.apache.catalina.core.ContainerBase.[Tomcat].[localhost].[/] - Initializing Spring embedded WebApplicationContext
2018-06-29 15:16:53.362 [restartedMain] DEBUG net.sppan.base.config.listener.ApplicationEventListener - 应用刷新
2018-06-29 15:16:53.371 [restartedMain] INFO  org.apache.coyote.http11.Http11NioProtocol - Initializing ProtocolHandler ["http-nio-8080"]
2018-06-29 15:16:53.381 [restartedMain] INFO  org.apache.coyote.http11.Http11NioProtocol - Starting ProtocolHandler [http-nio-8080]
2018-06-29 15:16:53.390 [restartedMain] INFO  org.apache.tomcat.util.net.NioSelectorPool - Using a shared selector for servlet write/read
2018-06-29 15:16:53.427 [restartedMain] DEBUG net.sppan.base.config.listener.ApplicationEventListener - 应用已启动完成
2018-06-29 15:16:53.427 [restartedMain] INFO  net.sppan.base.Application - Started Application in 8.16 seconds (JVM running for 10.192)
2018-06-29 15:16:53.427 [restartedMain] DEBUG net.sppan.base.Application - 启动成功
2018-06-29 15:16:59.551 [http-nio-8080-exec-1] INFO  org.apache.catalina.core.ContainerBase.[Tomcat].[localhost].[/] - Initializing Spring FrameworkServlet 'dispatcherServlet'
2018-06-29 15:17:07.275 [http-nio-8080-exec-10] DEBUG org.hibernate.SQL - select user0_.id as id1_3_, user0_.address as address2_3_, user0_.birthday as birthday3_3_, user0_.create_time as create_t4_3_, user0_.delete_status as delete_s5_3_, user0_.description as descript6_3_, user0_.email as email7_3_, user0_.locked as locked8_3_, user0_.nick_name as nick_nam9_3_, user0_.password as passwor10_3_, user0_.sex as sex11_3_, user0_.telephone as telepho12_3_, user0_.update_time as update_13_3_, user0_.user_name as user_na14_3_ from tb_user user0_ where user0_.user_name=?
2018-06-29 15:17:07.643 [http-nio-8080-exec-9] DEBUG org.hibernate.SQL - select user0_.id as id1_3_, user0_.address as address2_3_, user0_.birthday as birthday3_3_, user0_.create_time as create_t4_3_, user0_.delete_status as delete_s5_3_, user0_.description as descript6_3_, user0_.email as email7_3_, user0_.locked as locked8_3_, user0_.nick_name as nick_nam9_3_, user0_.password as passwor10_3_, user0_.sex as sex11_3_, user0_.telephone as telepho12_3_, user0_.update_time as update_13_3_, user0_.user_name as user_na14_3_ from tb_user user0_ where user0_.user_name=?
2018-06-29 15:17:07.647 [http-nio-8080-exec-9] DEBUG org.hibernate.SQL - select roles0_.user_id as user_id1_4_0_, roles0_.role_id as role_id2_4_0_, role1_.id as id1_1_1_, role1_.create_time as create_t2_1_1_, role1_.description as descript3_1_1_, role1_.name as name4_1_1_, role1_.role_key as role_key5_1_1_, role1_.status as status6_1_1_, role1_.update_time as update_t7_1_1_ from tb_user_role roles0_ inner join tb_role role1_ on roles0_.role_id=role1_.id where roles0_.user_id=?
2018-06-29 15:17:07.682 [http-nio-8080-exec-9] DEBUG org.hibernate.SQL - select resources0_.role_id as role_id1_2_0_, resources0_.resource_id as resource2_2_0_, resource1_.id as id1_0_1_, resource1_.create_time as create_t2_0_1_, resource1_.description as descript3_0_1_, resource1_.icon as icon4_0_1_, resource1_.is_hide as is_hide5_0_1_, resource1_.level as level6_0_1_, resource1_.name as name7_0_1_, resource1_.parent_id as parent_13_0_1_, resource1_.sort as sort8_0_1_, resource1_.source_key as source_k9_0_1_, resource1_.source_url as source_10_0_1_, resource1_.type as type11_0_1_, resource1_.update_time as update_12_0_1_ from tb_role_resource resources0_ inner join tb_resource resource1_ on resources0_.resource_id=resource1_.id where resources0_.role_id=?
2018-06-29 15:17:07.706 [http-nio-8080-exec-9] DEBUG org.hibernate.SQL - select user0_.id as id1_3_, user0_.address as address2_3_, user0_.birthday as birthday3_3_, user0_.create_time as create_t4_3_, user0_.delete_status as delete_s5_3_, user0_.description as descript6_3_, user0_.email as email7_3_, user0_.locked as locked8_3_, user0_.nick_name as nick_nam9_3_, user0_.password as passwor10_3_, user0_.sex as sex11_3_, user0_.telephone as telepho12_3_, user0_.update_time as update_13_3_, user0_.user_name as user_na14_3_ from tb_user user0_ where user0_.user_name=?
2018-06-29 15:17:07.710 [http-nio-8080-exec-9] DEBUG org.hibernate.SQL - select user0_.id as id1_3_, user0_.address as address2_3_, user0_.birthday as birthday3_3_, user0_.create_time as create_t4_3_, user0_.delete_status as delete_s5_3_, user0_.description as descript6_3_, user0_.email as email7_3_, user0_.locked as locked8_3_, user0_.nick_name as nick_nam9_3_, user0_.password as passwor10_3_, user0_.sex as sex11_3_, user0_.telephone as telepho12_3_, user0_.update_time as update_13_3_, user0_.user_name as user_na14_3_ from tb_user user0_ where user0_.user_name=?
2018-06-29 15:17:07.713 [http-nio-8080-exec-9] DEBUG org.hibernate.SQL - select user0_.id as id1_3_, user0_.address as address2_3_, user0_.birthday as birthday3_3_, user0_.create_time as create_t4_3_, user0_.delete_status as delete_s5_3_, user0_.description as descript6_3_, user0_.email as email7_3_, user0_.locked as locked8_3_, user0_.nick_name as nick_nam9_3_, user0_.password as passwor10_3_, user0_.sex as sex11_3_, user0_.telephone as telepho12_3_, user0_.update_time as update_13_3_, user0_.user_name as user_na14_3_ from tb_user user0_ where user0_.user_name=?
2018-06-29 15:17:07.717 [http-nio-8080-exec-9] DEBUG org.hibernate.SQL - select user0_.id as id1_3_, user0_.address as address2_3_, user0_.birthday as birthday3_3_, user0_.create_time as create_t4_3_, user0_.delete_status as delete_s5_3_, user0_.description as descript6_3_, user0_.email as email7_3_, user0_.locked as locked8_3_, user0_.nick_name as nick_nam9_3_, user0_.password as passwor10_3_, user0_.sex as sex11_3_, user0_.telephone as telepho12_3_, user0_.update_time as update_13_3_, user0_.user_name as user_na14_3_ from tb_user user0_ where user0_.user_name=?
2018-06-29 15:17:07.721 [http-nio-8080-exec-9] DEBUG org.hibernate.SQL - select user0_.id as id1_3_, user0_.address as address2_3_, user0_.birthday as birthday3_3_, user0_.create_time as create_t4_3_, user0_.delete_status as delete_s5_3_, user0_.description as descript6_3_, user0_.email as email7_3_, user0_.locked as locked8_3_, user0_.nick_name as nick_nam9_3_, user0_.password as passwor10_3_, user0_.sex as sex11_3_, user0_.telephone as telepho12_3_, user0_.update_time as update_13_3_, user0_.user_name as user_na14_3_ from tb_user user0_ where user0_.user_name=?
2018-06-29 15:17:11.171 [http-nio-8080-exec-3] DEBUG org.hibernate.SQL - select user0_.id as id1_3_, user0_.address as address2_3_, user0_.birthday as birthday3_3_, user0_.create_time as create_t4_3_, user0_.delete_status as delete_s5_3_, user0_.description as descript6_3_, user0_.email as email7_3_, user0_.locked as locked8_3_, user0_.nick_name as nick_nam9_3_, user0_.password as passwor10_3_, user0_.sex as sex11_3_, user0_.telephone as telepho12_3_, user0_.update_time as update_13_3_, user0_.user_name as user_na14_3_ from tb_user user0_ where user0_.user_name=?
2018-06-29 15:17:11.177 [http-nio-8080-exec-3] DEBUG org.hibernate.SQL - select roles0_.user_id as user_id1_4_0_, roles0_.role_id as role_id2_4_0_, role1_.id as id1_1_1_, role1_.create_time as create_t2_1_1_, role1_.description as descript3_1_1_, role1_.name as name4_1_1_, role1_.role_key as role_key5_1_1_, role1_.status as status6_1_1_, role1_.update_time as update_t7_1_1_ from tb_user_role roles0_ inner join tb_role role1_ on roles0_.role_id=role1_.id where roles0_.user_id=?
2018-06-29 15:17:11.179 [http-nio-8080-exec-3] DEBUG org.hibernate.SQL - select resources0_.role_id as role_id1_2_0_, resources0_.resource_id as resource2_2_0_, resource1_.id as id1_0_1_, resource1_.create_time as create_t2_0_1_, resource1_.description as descript3_0_1_, resource1_.icon as icon4_0_1_, resource1_.is_hide as is_hide5_0_1_, resource1_.level as level6_0_1_, resource1_.name as name7_0_1_, resource1_.parent_id as parent_13_0_1_, resource1_.sort as sort8_0_1_, resource1_.source_key as source_k9_0_1_, resource1_.source_url as source_10_0_1_, resource1_.type as type11_0_1_, resource1_.update_time as update_12_0_1_ from tb_role_resource resources0_ inner join tb_resource resource1_ on resources0_.resource_id=resource1_.id where resources0_.role_id=?
2018-06-29 15:17:11.185 [http-nio-8080-exec-3] DEBUG org.hibernate.SQL - select user0_.id as id1_3_, user0_.address as address2_3_, user0_.birthday as birthday3_3_, user0_.create_time as create_t4_3_, user0_.delete_status as delete_s5_3_, user0_.description as descript6_3_, user0_.email as email7_3_, user0_.locked as locked8_3_, user0_.nick_name as nick_nam9_3_, user0_.password as passwor10_3_, user0_.sex as sex11_3_, user0_.telephone as telepho12_3_, user0_.update_time as update_13_3_, user0_.user_name as user_na14_3_ from tb_user user0_ where user0_.user_name=?
2018-06-29 15:17:11.189 [http-nio-8080-exec-3] DEBUG org.hibernate.SQL - select user0_.id as id1_3_, user0_.address as address2_3_, user0_.birthday as birthday3_3_, user0_.create_time as create_t4_3_, user0_.delete_status as delete_s5_3_, user0_.description as descript6_3_, user0_.email as email7_3_, user0_.locked as locked8_3_, user0_.nick_name as nick_nam9_3_, user0_.password as passwor10_3_, user0_.sex as sex11_3_, user0_.telephone as telepho12_3_, user0_.update_time as update_13_3_, user0_.user_name as user_na14_3_ from tb_user user0_ where user0_.user_name=?
2018-06-29 15:17:11.194 [http-nio-8080-exec-3] DEBUG org.hibernate.SQL - select user0_.id as id1_3_, user0_.address as address2_3_, user0_.birthday as birthday3_3_, user0_.create_time as create_t4_3_, user0_.delete_status as delete_s5_3_, user0_.description as descript6_3_, user0_.email as email7_3_, user0_.locked as locked8_3_, user0_.nick_name as nick_nam9_3_, user0_.password as passwor10_3_, user0_.sex as sex11_3_, user0_.telephone as telepho12_3_, user0_.update_time as update_13_3_, user0_.user_name as user_na14_3_ from tb_user user0_ where user0_.user_name=?
2018-06-29 15:17:11.357 [http-nio-8080-exec-1] DEBUG org.hibernate.SQL - select user0_.id as id1_3_, user0_.address as address2_3_, user0_.birthday as birthday3_3_, user0_.create_time as create_t4_3_, user0_.delete_status as delete_s5_3_, user0_.description as descript6_3_, user0_.email as email7_3_, user0_.locked as locked8_3_, user0_.nick_name as nick_nam9_3_, user0_.password as passwor10_3_, user0_.sex as sex11_3_, user0_.telephone as telepho12_3_, user0_.update_time as update_13_3_, user0_.user_name as user_na14_3_ from tb_user user0_ limit ?
2018-06-29 15:17:11.415 [http-nio-8080-exec-1] DEBUG org.hibernate.SQL - select roles0_.user_id as user_id1_4_0_, roles0_.role_id as role_id2_4_0_, role1_.id as id1_1_1_, role1_.create_time as create_t2_1_1_, role1_.description as descript3_1_1_, role1_.name as name4_1_1_, role1_.role_key as role_key5_1_1_, role1_.status as status6_1_1_, role1_.update_time as update_t7_1_1_ from tb_user_role roles0_ inner join tb_role role1_ on roles0_.role_id=role1_.id where roles0_.user_id=?
2018-06-29 15:17:11.419 [http-nio-8080-exec-1] DEBUG org.hibernate.SQL - select resources0_.role_id as role_id1_2_0_, resources0_.resource_id as resource2_2_0_, resource1_.id as id1_0_1_, resource1_.create_time as create_t2_0_1_, resource1_.description as descript3_0_1_, resource1_.icon as icon4_0_1_, resource1_.is_hide as is_hide5_0_1_, resource1_.level as level6_0_1_, resource1_.name as name7_0_1_, resource1_.parent_id as parent_13_0_1_, resource1_.sort as sort8_0_1_, resource1_.source_key as source_k9_0_1_, resource1_.source_url as source_10_0_1_, resource1_.type as type11_0_1_, resource1_.update_time as update_12_0_1_ from tb_role_resource resources0_ inner join tb_resource resource1_ on resources0_.resource_id=resource1_.id where resources0_.role_id=?
2018-06-29 15:17:11.432 [http-nio-8080-exec-1] DEBUG org.hibernate.SQL - select roles0_.user_id as user_id1_4_0_, roles0_.role_id as role_id2_4_0_, role1_.id as id1_1_1_, role1_.create_time as create_t2_1_1_, role1_.description as descript3_1_1_, role1_.name as name4_1_1_, role1_.role_key as role_key5_1_1_, role1_.status as status6_1_1_, role1_.update_time as update_t7_1_1_ from tb_user_role roles0_ inner join tb_role role1_ on roles0_.role_id=role1_.id where roles0_.user_id=?
2018-06-29 15:17:11.434 [http-nio-8080-exec-1] DEBUG org.hibernate.SQL - select resources0_.role_id as role_id1_2_0_, resources0_.resource_id as resource2_2_0_, resource1_.id as id1_0_1_, resource1_.create_time as create_t2_0_1_, resource1_.description as descript3_0_1_, resource1_.icon as icon4_0_1_, resource1_.is_hide as is_hide5_0_1_, resource1_.level as level6_0_1_, resource1_.name as name7_0_1_, resource1_.parent_id as parent_13_0_1_, resource1_.sort as sort8_0_1_, resource1_.source_key as source_k9_0_1_, resource1_.source_url as source_10_0_1_, resource1_.type as type11_0_1_, resource1_.update_time as update_12_0_1_ from tb_role_resource resources0_ inner join tb_resource resource1_ on resources0_.resource_id=resource1_.id where resources0_.role_id=?
2018-06-29 15:17:11.834 [http-nio-8080-exec-8] DEBUG org.hibernate.SQL - select user0_.id as id1_3_, user0_.address as address2_3_, user0_.birthday as birthday3_3_, user0_.create_time as create_t4_3_, user0_.delete_status as delete_s5_3_, user0_.description as descript6_3_, user0_.email as email7_3_, user0_.locked as locked8_3_, user0_.nick_name as nick_nam9_3_, user0_.password as passwor10_3_, user0_.sex as sex11_3_, user0_.telephone as telepho12_3_, user0_.update_time as update_13_3_, user0_.user_name as user_na14_3_ from tb_user user0_ where user0_.user_name=?
2018-06-29 15:17:11.837 [http-nio-8080-exec-8] DEBUG org.hibernate.SQL - select roles0_.user_id as user_id1_4_0_, roles0_.role_id as role_id2_4_0_, role1_.id as id1_1_1_, role1_.create_time as create_t2_1_1_, role1_.description as descript3_1_1_, role1_.name as name4_1_1_, role1_.role_key as role_key5_1_1_, role1_.status as status6_1_1_, role1_.update_time as update_t7_1_1_ from tb_user_role roles0_ inner join tb_role role1_ on roles0_.role_id=role1_.id where roles0_.user_id=?
2018-06-29 15:17:11.839 [http-nio-8080-exec-8] DEBUG org.hibernate.SQL - select resources0_.role_id as role_id1_2_0_, resources0_.resource_id as resource2_2_0_, resource1_.id as id1_0_1_, resource1_.create_time as create_t2_0_1_, resource1_.description as descript3_0_1_, resource1_.icon as icon4_0_1_, resource1_.is_hide as is_hide5_0_1_, resource1_.level as level6_0_1_, resource1_.name as name7_0_1_, resource1_.parent_id as parent_13_0_1_, resource1_.sort as sort8_0_1_, resource1_.source_key as source_k9_0_1_, resource1_.source_url as source_10_0_1_, resource1_.type as type11_0_1_, resource1_.update_time as update_12_0_1_ from tb_role_resource resources0_ inner join tb_resource resource1_ on resources0_.resource_id=resource1_.id where resources0_.role_id=?
2018-06-29 15:17:11.844 [http-nio-8080-exec-8] DEBUG org.hibernate.SQL - select user0_.id as id1_3_, user0_.address as address2_3_, user0_.birthday as birthday3_3_, user0_.create_time as create_t4_3_, user0_.delete_status as delete_s5_3_, user0_.description as descript6_3_, user0_.email as email7_3_, user0_.locked as locked8_3_, user0_.nick_name as nick_nam9_3_, user0_.password as passwor10_3_, user0_.sex as sex11_3_, user0_.telephone as telepho12_3_, user0_.update_time as update_13_3_, user0_.user_name as user_na14_3_ from tb_user user0_ where user0_.user_name=?
2018-06-29 15:17:11.849 [http-nio-8080-exec-8] DEBUG org.hibernate.SQL - select user0_.id as id1_3_, user0_.address as address2_3_, user0_.birthday as birthday3_3_, user0_.create_time as create_t4_3_, user0_.delete_status as delete_s5_3_, user0_.description as descript6_3_, user0_.email as email7_3_, user0_.locked as locked8_3_, user0_.nick_name as nick_nam9_3_, user0_.password as passwor10_3_, user0_.sex as sex11_3_, user0_.telephone as telepho12_3_, user0_.update_time as update_13_3_, user0_.user_name as user_na14_3_ from tb_user user0_ where user0_.user_name=?
2018-06-29 15:17:11.854 [http-nio-8080-exec-8] DEBUG org.hibernate.SQL - select user0_.id as id1_3_, user0_.address as address2_3_, user0_.birthday as birthday3_3_, user0_.create_time as create_t4_3_, user0_.delete_status as delete_s5_3_, user0_.description as descript6_3_, user0_.email as email7_3_, user0_.locked as locked8_3_, user0_.nick_name as nick_nam9_3_, user0_.password as passwor10_3_, user0_.sex as sex11_3_, user0_.telephone as telepho12_3_, user0_.update_time as update_13_3_, user0_.user_name as user_na14_3_ from tb_user user0_ where user0_.user_name=?
2018-06-29 15:17:11.968 [http-nio-8080-exec-9] DEBUG org.hibernate.SQL - select role0_.id as id1_1_, role0_.create_time as create_t2_1_, role0_.description as descript3_1_, role0_.name as name4_1_, role0_.role_key as role_key5_1_, role0_.status as status6_1_, role0_.update_time as update_t7_1_ from tb_role role0_ limit ?
2018-06-29 15:17:11.973 [http-nio-8080-exec-9] DEBUG org.hibernate.SQL - select resources0_.role_id as role_id1_2_0_, resources0_.resource_id as resource2_2_0_, resource1_.id as id1_0_1_, resource1_.create_time as create_t2_0_1_, resource1_.description as descript3_0_1_, resource1_.icon as icon4_0_1_, resource1_.is_hide as is_hide5_0_1_, resource1_.level as level6_0_1_, resource1_.name as name7_0_1_, resource1_.parent_id as parent_13_0_1_, resource1_.sort as sort8_0_1_, resource1_.source_key as source_k9_0_1_, resource1_.source_url as source_10_0_1_, resource1_.type as type11_0_1_, resource1_.update_time as update_12_0_1_ from tb_role_resource resources0_ inner join tb_resource resource1_ on resources0_.resource_id=resource1_.id where resources0_.role_id=?
2018-06-29 15:17:11.978 [http-nio-8080-exec-9] DEBUG org.hibernate.SQL - select resources0_.role_id as role_id1_2_0_, resources0_.resource_id as resource2_2_0_, resource1_.id as id1_0_1_, resource1_.create_time as create_t2_0_1_, resource1_.description as descript3_0_1_, resource1_.icon as icon4_0_1_, resource1_.is_hide as is_hide5_0_1_, resource1_.level as level6_0_1_, resource1_.name as name7_0_1_, resource1_.parent_id as parent_13_0_1_, resource1_.sort as sort8_0_1_, resource1_.source_key as source_k9_0_1_, resource1_.source_url as source_10_0_1_, resource1_.type as type11_0_1_, resource1_.update_time as update_12_0_1_ from tb_role_resource resources0_ inner join tb_resource resource1_ on resources0_.resource_id=resource1_.id where resources0_.role_id=?
2018-06-29 15:17:12.568 [http-nio-8080-exec-10] DEBUG org.hibernate.SQL - select user0_.id as id1_3_, user0_.address as address2_3_, user0_.birthday as birthday3_3_, user0_.create_time as create_t4_3_, user0_.delete_status as delete_s5_3_, user0_.description as descript6_3_, user0_.email as email7_3_, user0_.locked as locked8_3_, user0_.nick_name as nick_nam9_3_, user0_.password as passwor10_3_, user0_.sex as sex11_3_, user0_.telephone as telepho12_3_, user0_.update_time as update_13_3_, user0_.user_name as user_na14_3_ from tb_user user0_ where user0_.user_name=?
2018-06-29 15:17:12.576 [http-nio-8080-exec-10] DEBUG org.hibernate.SQL - select roles0_.user_id as user_id1_4_0_, roles0_.role_id as role_id2_4_0_, role1_.id as id1_1_1_, role1_.create_time as create_t2_1_1_, role1_.description as descript3_1_1_, role1_.name as name4_1_1_, role1_.role_key as role_key5_1_1_, role1_.status as status6_1_1_, role1_.update_time as update_t7_1_1_ from tb_user_role roles0_ inner join tb_role role1_ on roles0_.role_id=role1_.id where roles0_.user_id=?
2018-06-29 15:17:12.581 [http-nio-8080-exec-10] DEBUG org.hibernate.SQL - select resources0_.role_id as role_id1_2_0_, resources0_.resource_id as resource2_2_0_, resource1_.id as id1_0_1_, resource1_.create_time as create_t2_0_1_, resource1_.description as descript3_0_1_, resource1_.icon as icon4_0_1_, resource1_.is_hide as is_hide5_0_1_, resource1_.level as level6_0_1_, resource1_.name as name7_0_1_, resource1_.parent_id as parent_13_0_1_, resource1_.sort as sort8_0_1_, resource1_.source_key as source_k9_0_1_, resource1_.source_url as source_10_0_1_, resource1_.type as type11_0_1_, resource1_.update_time as update_12_0_1_ from tb_role_resource resources0_ inner join tb_resource resource1_ on resources0_.resource_id=resource1_.id where resources0_.role_id=?
2018-06-29 15:17:12.643 [http-nio-8080-exec-10] DEBUG org.hibernate.SQL - select user0_.id as id1_3_, user0_.address as address2_3_, user0_.birthday as birthday3_3_, user0_.create_time as create_t4_3_, user0_.delete_status as delete_s5_3_, user0_.description as descript6_3_, user0_.email as email7_3_, user0_.locked as locked8_3_, user0_.nick_name as nick_nam9_3_, user0_.password as passwor10_3_, user0_.sex as sex11_3_, user0_.telephone as telepho12_3_, user0_.update_time as update_13_3_, user0_.user_name as user_na14_3_ from tb_user user0_ where user0_.user_name=?
2018-06-29 15:17:12.649 [http-nio-8080-exec-10] DEBUG org.hibernate.SQL - select user0_.id as id1_3_, user0_.address as address2_3_, user0_.birthday as birthday3_3_, user0_.create_time as create_t4_3_, user0_.delete_status as delete_s5_3_, user0_.description as descript6_3_, user0_.email as email7_3_, user0_.locked as locked8_3_, user0_.nick_name as nick_nam9_3_, user0_.password as passwor10_3_, user0_.sex as sex11_3_, user0_.telephone as telepho12_3_, user0_.update_time as update_13_3_, user0_.user_name as user_na14_3_ from tb_user user0_ where user0_.user_name=?
2018-06-29 15:17:12.654 [http-nio-8080-exec-10] DEBUG org.hibernate.SQL - select user0_.id as id1_3_, user0_.address as address2_3_, user0_.birthday as birthday3_3_, user0_.create_time as create_t4_3_, user0_.delete_status as delete_s5_3_, user0_.description as descript6_3_, user0_.email as email7_3_, user0_.locked as locked8_3_, user0_.nick_name as nick_nam9_3_, user0_.password as passwor10_3_, user0_.sex as sex11_3_, user0_.telephone as telepho12_3_, user0_.update_time as update_13_3_, user0_.user_name as user_na14_3_ from tb_user user0_ where user0_.user_name=?
2018-06-29 15:17:12.736 [http-nio-8080-exec-2] DEBUG org.hibernate.SQL - select resource0_.id as id1_0_, resource0_.create_time as create_t2_0_, resource0_.description as descript3_0_, resource0_.icon as icon4_0_, resource0_.is_hide as is_hide5_0_, resource0_.level as level6_0_, resource0_.name as name7_0_, resource0_.parent_id as parent_13_0_, resource0_.sort as sort8_0_, resource0_.source_key as source_k9_0_, resource0_.source_url as source_10_0_, resource0_.type as type11_0_, resource0_.update_time as update_12_0_ from tb_resource resource0_ limit ?
2018-06-29 15:17:12.741 [http-nio-8080-exec-2] DEBUG org.hibernate.SQL - select count(resource0_.id) as col_0_0_ from tb_resource resource0_
2018-06-29 15:17:14.248 [http-nio-8080-exec-8] DEBUG org.hibernate.SQL - select user0_.id as id1_3_, user0_.address as address2_3_, user0_.birthday as birthday3_3_, user0_.create_time as create_t4_3_, user0_.delete_status as delete_s5_3_, user0_.description as descript6_3_, user0_.email as email7_3_, user0_.locked as locked8_3_, user0_.nick_name as nick_nam9_3_, user0_.password as passwor10_3_, user0_.sex as sex11_3_, user0_.telephone as telepho12_3_, user0_.update_time as update_13_3_, user0_.user_name as user_na14_3_ from tb_user user0_ where user0_.user_name=?
2018-06-29 15:17:14.250 [http-nio-8080-exec-8] DEBUG org.hibernate.SQL - select roles0_.user_id as user_id1_4_0_, roles0_.role_id as role_id2_4_0_, role1_.id as id1_1_1_, role1_.create_time as create_t2_1_1_, role1_.description as descript3_1_1_, role1_.name as name4_1_1_, role1_.role_key as role_key5_1_1_, role1_.status as status6_1_1_, role1_.update_time as update_t7_1_1_ from tb_user_role roles0_ inner join tb_role role1_ on roles0_.role_id=role1_.id where roles0_.user_id=?
2018-06-29 15:17:14.251 [http-nio-8080-exec-8] DEBUG org.hibernate.SQL - select resources0_.role_id as role_id1_2_0_, resources0_.resource_id as resource2_2_0_, resource1_.id as id1_0_1_, resource1_.create_time as create_t2_0_1_, resource1_.description as descript3_0_1_, resource1_.icon as icon4_0_1_, resource1_.is_hide as is_hide5_0_1_, resource1_.level as level6_0_1_, resource1_.name as name7_0_1_, resource1_.parent_id as parent_13_0_1_, resource1_.sort as sort8_0_1_, resource1_.source_key as source_k9_0_1_, resource1_.source_url as source_10_0_1_, resource1_.type as type11_0_1_, resource1_.update_time as update_12_0_1_ from tb_role_resource resources0_ inner join tb_resource resource1_ on resources0_.resource_id=resource1_.id where resources0_.role_id=?
2018-06-29 15:17:14.257 [http-nio-8080-exec-8] DEBUG org.hibernate.SQL - select user0_.id as id1_3_, user0_.address as address2_3_, user0_.birthday as birthday3_3_, user0_.create_time as create_t4_3_, user0_.delete_status as delete_s5_3_, user0_.description as descript6_3_, user0_.email as email7_3_, user0_.locked as locked8_3_, user0_.nick_name as nick_nam9_3_, user0_.password as passwor10_3_, user0_.sex as sex11_3_, user0_.telephone as telepho12_3_, user0_.update_time as update_13_3_, user0_.user_name as user_na14_3_ from tb_user user0_ where user0_.user_name=?
2018-06-29 15:17:14.262 [http-nio-8080-exec-8] DEBUG org.hibernate.SQL - select user0_.id as id1_3_, user0_.address as address2_3_, user0_.birthday as birthday3_3_, user0_.create_time as create_t4_3_, user0_.delete_status as delete_s5_3_, user0_.description as descript6_3_, user0_.email as email7_3_, user0_.locked as locked8_3_, user0_.nick_name as nick_nam9_3_, user0_.password as passwor10_3_, user0_.sex as sex11_3_, user0_.telephone as telepho12_3_, user0_.update_time as update_13_3_, user0_.user_name as user_na14_3_ from tb_user user0_ where user0_.user_name=?
2018-06-29 15:17:14.265 [http-nio-8080-exec-8] DEBUG org.hibernate.SQL - select user0_.id as id1_3_, user0_.address as address2_3_, user0_.birthday as birthday3_3_, user0_.create_time as create_t4_3_, user0_.delete_status as delete_s5_3_, user0_.description as descript6_3_, user0_.email as email7_3_, user0_.locked as locked8_3_, user0_.nick_name as nick_nam9_3_, user0_.password as passwor10_3_, user0_.sex as sex11_3_, user0_.telephone as telepho12_3_, user0_.update_time as update_13_3_, user0_.user_name as user_na14_3_ from tb_user user0_ where user0_.user_name=?
2018-06-29 15:17:14.337 [http-nio-8080-exec-10] DEBUG org.hibernate.SQL - select resource0_.id as id1_0_, resource0_.create_time as create_t2_0_, resource0_.description as descript3_0_, resource0_.icon as icon4_0_, resource0_.is_hide as is_hide5_0_, resource0_.level as level6_0_, resource0_.name as name7_0_, resource0_.parent_id as parent_13_0_, resource0_.sort as sort8_0_, resource0_.source_key as source_k9_0_, resource0_.source_url as source_10_0_, resource0_.type as type11_0_, resource0_.update_time as update_12_0_ from tb_resource resource0_ limit ?
2018-06-29 15:17:14.340 [http-nio-8080-exec-10] DEBUG org.hibernate.SQL - select count(resource0_.id) as col_0_0_ from tb_resource resource0_
2018-06-29 15:17:15.027 [http-nio-8080-exec-5] DEBUG org.hibernate.SQL - select user0_.id as id1_3_, user0_.address as address2_3_, user0_.birthday as birthday3_3_, user0_.create_time as create_t4_3_, user0_.delete_status as delete_s5_3_, user0_.description as descript6_3_, user0_.email as email7_3_, user0_.locked as locked8_3_, user0_.nick_name as nick_nam9_3_, user0_.password as passwor10_3_, user0_.sex as sex11_3_, user0_.telephone as telepho12_3_, user0_.update_time as update_13_3_, user0_.user_name as user_na14_3_ from tb_user user0_ where user0_.user_name=?
2018-06-29 15:17:15.037 [http-nio-8080-exec-5] DEBUG org.hibernate.SQL - select roles0_.user_id as user_id1_4_0_, roles0_.role_id as role_id2_4_0_, role1_.id as id1_1_1_, role1_.create_time as create_t2_1_1_, role1_.description as descript3_1_1_, role1_.name as name4_1_1_, role1_.role_key as role_key5_1_1_, role1_.status as status6_1_1_, role1_.update_time as update_t7_1_1_ from tb_user_role roles0_ inner join tb_role role1_ on roles0_.role_id=role1_.id where roles0_.user_id=?
2018-06-29 15:17:15.039 [http-nio-8080-exec-5] DEBUG org.hibernate.SQL - select resources0_.role_id as role_id1_2_0_, resources0_.resource_id as resource2_2_0_, resource1_.id as id1_0_1_, resource1_.create_time as create_t2_0_1_, resource1_.description as descript3_0_1_, resource1_.icon as icon4_0_1_, resource1_.is_hide as is_hide5_0_1_, resource1_.level as level6_0_1_, resource1_.name as name7_0_1_, resource1_.parent_id as parent_13_0_1_, resource1_.sort as sort8_0_1_, resource1_.source_key as source_k9_0_1_, resource1_.source_url as source_10_0_1_, resource1_.type as type11_0_1_, resource1_.update_time as update_12_0_1_ from tb_role_resource resources0_ inner join tb_resource resource1_ on resources0_.resource_id=resource1_.id where resources0_.role_id=?
2018-06-29 15:17:15.049 [http-nio-8080-exec-5] DEBUG org.hibernate.SQL - select user0_.id as id1_3_, user0_.address as address2_3_, user0_.birthday as birthday3_3_, user0_.create_time as create_t4_3_, user0_.delete_status as delete_s5_3_, user0_.description as descript6_3_, user0_.email as email7_3_, user0_.locked as locked8_3_, user0_.nick_name as nick_nam9_3_, user0_.password as passwor10_3_, user0_.sex as sex11_3_, user0_.telephone as telepho12_3_, user0_.update_time as update_13_3_, user0_.user_name as user_na14_3_ from tb_user user0_ where user0_.user_name=?
2018-06-29 15:17:15.056 [http-nio-8080-exec-5] DEBUG org.hibernate.SQL - select user0_.id as id1_3_, user0_.address as address2_3_, user0_.birthday as birthday3_3_, user0_.create_time as create_t4_3_, user0_.delete_status as delete_s5_3_, user0_.description as descript6_3_, user0_.email as email7_3_, user0_.locked as locked8_3_, user0_.nick_name as nick_nam9_3_, user0_.password as passwor10_3_, user0_.sex as sex11_3_, user0_.telephone as telepho12_3_, user0_.update_time as update_13_3_, user0_.user_name as user_na14_3_ from tb_user user0_ where user0_.user_name=?
2018-06-29 15:17:15.062 [http-nio-8080-exec-5] DEBUG org.hibernate.SQL - select user0_.id as id1_3_, user0_.address as address2_3_, user0_.birthday as birthday3_3_, user0_.create_time as create_t4_3_, user0_.delete_status as delete_s5_3_, user0_.description as descript6_3_, user0_.email as email7_3_, user0_.locked as locked8_3_, user0_.nick_name as nick_nam9_3_, user0_.password as passwor10_3_, user0_.sex as sex11_3_, user0_.telephone as telepho12_3_, user0_.update_time as update_13_3_, user0_.user_name as user_na14_3_ from tb_user user0_ where user0_.user_name=?
2018-06-29 15:17:15.153 [http-nio-8080-exec-7] DEBUG org.hibernate.SQL - select role0_.id as id1_1_, role0_.create_time as create_t2_1_, role0_.description as descript3_1_, role0_.name as name4_1_, role0_.role_key as role_key5_1_, role0_.status as status6_1_, role0_.update_time as update_t7_1_ from tb_role role0_ limit ?
2018-06-29 15:17:15.156 [http-nio-8080-exec-7] DEBUG org.hibernate.SQL - select resources0_.role_id as role_id1_2_0_, resources0_.resource_id as resource2_2_0_, resource1_.id as id1_0_1_, resource1_.create_time as create_t2_0_1_, resource1_.description as descript3_0_1_, resource1_.icon as icon4_0_1_, resource1_.is_hide as is_hide5_0_1_, resource1_.level as level6_0_1_, resource1_.name as name7_0_1_, resource1_.parent_id as parent_13_0_1_, resource1_.sort as sort8_0_1_, resource1_.source_key as source_k9_0_1_, resource1_.source_url as source_10_0_1_, resource1_.type as type11_0_1_, resource1_.update_time as update_12_0_1_ from tb_role_resource resources0_ inner join tb_resource resource1_ on resources0_.resource_id=resource1_.id where resources0_.role_id=?
2018-06-29 15:17:15.163 [http-nio-8080-exec-7] DEBUG org.hibernate.SQL - select resources0_.role_id as role_id1_2_0_, resources0_.resource_id as resource2_2_0_, resource1_.id as id1_0_1_, resource1_.create_time as create_t2_0_1_, resource1_.description as descript3_0_1_, resource1_.icon as icon4_0_1_, resource1_.is_hide as is_hide5_0_1_, resource1_.level as level6_0_1_, resource1_.name as name7_0_1_, resource1_.parent_id as parent_13_0_1_, resource1_.sort as sort8_0_1_, resource1_.source_key as source_k9_0_1_, resource1_.source_url as source_10_0_1_, resource1_.type as type11_0_1_, resource1_.update_time as update_12_0_1_ from tb_role_resource resources0_ inner join tb_resource resource1_ on resources0_.resource_id=resource1_.id where resources0_.role_id=?
2018-06-29 15:17:15.806 [http-nio-8080-exec-8] DEBUG org.hibernate.SQL - select user0_.id as id1_3_, user0_.address as address2_3_, user0_.birthday as birthday3_3_, user0_.create_time as create_t4_3_, user0_.delete_status as delete_s5_3_, user0_.description as descript6_3_, user0_.email as email7_3_, user0_.locked as locked8_3_, user0_.nick_name as nick_nam9_3_, user0_.password as passwor10_3_, user0_.sex as sex11_3_, user0_.telephone as telepho12_3_, user0_.update_time as update_13_3_, user0_.user_name as user_na14_3_ from tb_user user0_ where user0_.user_name=?
2018-06-29 15:17:15.814 [http-nio-8080-exec-8] DEBUG org.hibernate.SQL - select roles0_.user_id as user_id1_4_0_, roles0_.role_id as role_id2_4_0_, role1_.id as id1_1_1_, role1_.create_time as create_t2_1_1_, role1_.description as descript3_1_1_, role1_.name as name4_1_1_, role1_.role_key as role_key5_1_1_, role1_.status as status6_1_1_, role1_.update_time as update_t7_1_1_ from tb_user_role roles0_ inner join tb_role role1_ on roles0_.role_id=role1_.id where roles0_.user_id=?
2018-06-29 15:17:15.817 [http-nio-8080-exec-8] DEBUG org.hibernate.SQL - select resources0_.role_id as role_id1_2_0_, resources0_.resource_id as resource2_2_0_, resource1_.id as id1_0_1_, resource1_.create_time as create_t2_0_1_, resource1_.description as descript3_0_1_, resource1_.icon as icon4_0_1_, resource1_.is_hide as is_hide5_0_1_, resource1_.level as level6_0_1_, resource1_.name as name7_0_1_, resource1_.parent_id as parent_13_0_1_, resource1_.sort as sort8_0_1_, resource1_.source_key as source_k9_0_1_, resource1_.source_url as source_10_0_1_, resource1_.type as type11_0_1_, resource1_.update_time as update_12_0_1_ from tb_role_resource resources0_ inner join tb_resource resource1_ on resources0_.resource_id=resource1_.id where resources0_.role_id=?
2018-06-29 15:17:15.826 [http-nio-8080-exec-8] DEBUG org.hibernate.SQL - select user0_.id as id1_3_, user0_.address as address2_3_, user0_.birthday as birthday3_3_, user0_.create_time as create_t4_3_, user0_.delete_status as delete_s5_3_, user0_.description as descript6_3_, user0_.email as email7_3_, user0_.locked as locked8_3_, user0_.nick_name as nick_nam9_3_, user0_.password as passwor10_3_, user0_.sex as sex11_3_, user0_.telephone as telepho12_3_, user0_.update_time as update_13_3_, user0_.user_name as user_na14_3_ from tb_user user0_ where user0_.user_name=?
2018-06-29 15:17:15.832 [http-nio-8080-exec-8] DEBUG org.hibernate.SQL - select user0_.id as id1_3_, user0_.address as address2_3_, user0_.birthday as birthday3_3_, user0_.create_time as create_t4_3_, user0_.delete_status as delete_s5_3_, user0_.description as descript6_3_, user0_.email as email7_3_, user0_.locked as locked8_3_, user0_.nick_name as nick_nam9_3_, user0_.password as passwor10_3_, user0_.sex as sex11_3_, user0_.telephone as telepho12_3_, user0_.update_time as update_13_3_, user0_.user_name as user_na14_3_ from tb_user user0_ where user0_.user_name=?
2018-06-29 15:17:15.837 [http-nio-8080-exec-8] DEBUG org.hibernate.SQL - select user0_.id as id1_3_, user0_.address as address2_3_, user0_.birthday as birthday3_3_, user0_.create_time as create_t4_3_, user0_.delete_status as delete_s5_3_, user0_.description as descript6_3_, user0_.email as email7_3_, user0_.locked as locked8_3_, user0_.nick_name as nick_nam9_3_, user0_.password as passwor10_3_, user0_.sex as sex11_3_, user0_.telephone as telepho12_3_, user0_.update_time as update_13_3_, user0_.user_name as user_na14_3_ from tb_user user0_ where user0_.user_name=?
2018-06-29 15:17:15.916 [http-nio-8080-exec-4] DEBUG org.hibernate.SQL - select resource0_.id as id1_0_, resource0_.create_time as create_t2_0_, resource0_.description as descript3_0_, resource0_.icon as icon4_0_, resource0_.is_hide as is_hide5_0_, resource0_.level as level6_0_, resource0_.name as name7_0_, resource0_.parent_id as parent_13_0_, resource0_.sort as sort8_0_, resource0_.source_key as source_k9_0_, resource0_.source_url as source_10_0_, resource0_.type as type11_0_, resource0_.update_time as update_12_0_ from tb_resource resource0_ limit ?
2018-06-29 15:17:15.919 [http-nio-8080-exec-4] DEBUG org.hibernate.SQL - select count(resource0_.id) as col_0_0_ from tb_resource resource0_
2018-06-29 15:17:16.303 [http-nio-8080-exec-5] DEBUG org.hibernate.SQL - select user0_.id as id1_3_, user0_.address as address2_3_, user0_.birthday as birthday3_3_, user0_.create_time as create_t4_3_, user0_.delete_status as delete_s5_3_, user0_.description as descript6_3_, user0_.email as email7_3_, user0_.locked as locked8_3_, user0_.nick_name as nick_nam9_3_, user0_.password as passwor10_3_, user0_.sex as sex11_3_, user0_.telephone as telepho12_3_, user0_.update_time as update_13_3_, user0_.user_name as user_na14_3_ from tb_user user0_ where user0_.user_name=?
2018-06-29 15:17:16.306 [http-nio-8080-exec-5] DEBUG org.hibernate.SQL - select roles0_.user_id as user_id1_4_0_, roles0_.role_id as role_id2_4_0_, role1_.id as id1_1_1_, role1_.create_time as create_t2_1_1_, role1_.description as descript3_1_1_, role1_.name as name4_1_1_, role1_.role_key as role_key5_1_1_, role1_.status as status6_1_1_, role1_.update_time as update_t7_1_1_ from tb_user_role roles0_ inner join tb_role role1_ on roles0_.role_id=role1_.id where roles0_.user_id=?
2018-06-29 15:17:16.307 [http-nio-8080-exec-5] DEBUG org.hibernate.SQL - select resources0_.role_id as role_id1_2_0_, resources0_.resource_id as resource2_2_0_, resource1_.id as id1_0_1_, resource1_.create_time as create_t2_0_1_, resource1_.description as descript3_0_1_, resource1_.icon as icon4_0_1_, resource1_.is_hide as is_hide5_0_1_, resource1_.level as level6_0_1_, resource1_.name as name7_0_1_, resource1_.parent_id as parent_13_0_1_, resource1_.sort as sort8_0_1_, resource1_.source_key as source_k9_0_1_, resource1_.source_url as source_10_0_1_, resource1_.type as type11_0_1_, resource1_.update_time as update_12_0_1_ from tb_role_resource resources0_ inner join tb_resource resource1_ on resources0_.resource_id=resource1_.id where resources0_.role_id=?
2018-06-29 15:17:16.311 [http-nio-8080-exec-5] DEBUG org.hibernate.SQL - select user0_.id as id1_3_, user0_.address as address2_3_, user0_.birthday as birthday3_3_, user0_.create_time as create_t4_3_, user0_.delete_status as delete_s5_3_, user0_.description as descript6_3_, user0_.email as email7_3_, user0_.locked as locked8_3_, user0_.nick_name as nick_nam9_3_, user0_.password as passwor10_3_, user0_.sex as sex11_3_, user0_.telephone as telepho12_3_, user0_.update_time as update_13_3_, user0_.user_name as user_na14_3_ from tb_user user0_ where user0_.user_name=?
2018-06-29 15:17:16.316 [http-nio-8080-exec-5] DEBUG org.hibernate.SQL - select user0_.id as id1_3_, user0_.address as address2_3_, user0_.birthday as birthday3_3_, user0_.create_time as create_t4_3_, user0_.delete_status as delete_s5_3_, user0_.description as descript6_3_, user0_.email as email7_3_, user0_.locked as locked8_3_, user0_.nick_name as nick_nam9_3_, user0_.password as passwor10_3_, user0_.sex as sex11_3_, user0_.telephone as telepho12_3_, user0_.update_time as update_13_3_, user0_.user_name as user_na14_3_ from tb_user user0_ where user0_.user_name=?
2018-06-29 15:17:16.321 [http-nio-8080-exec-5] DEBUG org.hibernate.SQL - select user0_.id as id1_3_, user0_.address as address2_3_, user0_.birthday as birthday3_3_, user0_.create_time as create_t4_3_, user0_.delete_status as delete_s5_3_, user0_.description as descript6_3_, user0_.email as email7_3_, user0_.locked as locked8_3_, user0_.nick_name as nick_nam9_3_, user0_.password as passwor10_3_, user0_.sex as sex11_3_, user0_.telephone as telepho12_3_, user0_.update_time as update_13_3_, user0_.user_name as user_na14_3_ from tb_user user0_ where user0_.user_name=?
2018-06-29 15:17:16.406 [http-nio-8080-exec-10] DEBUG org.hibernate.SQL - select user0_.id as id1_3_, user0_.address as address2_3_, user0_.birthday as birthday3_3_, user0_.create_time as create_t4_3_, user0_.delete_status as delete_s5_3_, user0_.description as descript6_3_, user0_.email as email7_3_, user0_.locked as locked8_3_, user0_.nick_name as nick_nam9_3_, user0_.password as passwor10_3_, user0_.sex as sex11_3_, user0_.telephone as telepho12_3_, user0_.update_time as update_13_3_, user0_.user_name as user_na14_3_ from tb_user user0_ limit ?
2018-06-29 15:17:16.410 [http-nio-8080-exec-10] DEBUG org.hibernate.SQL - select roles0_.user_id as user_id1_4_0_, roles0_.role_id as role_id2_4_0_, role1_.id as id1_1_1_, role1_.create_time as create_t2_1_1_, role1_.description as descript3_1_1_, role1_.name as name4_1_1_, role1_.role_key as role_key5_1_1_, role1_.status as status6_1_1_, role1_.update_time as update_t7_1_1_ from tb_user_role roles0_ inner join tb_role role1_ on roles0_.role_id=role1_.id where roles0_.user_id=?
2018-06-29 15:17:16.412 [http-nio-8080-exec-10] DEBUG org.hibernate.SQL - select resources0_.role_id as role_id1_2_0_, resources0_.resource_id as resource2_2_0_, resource1_.id as id1_0_1_, resource1_.create_time as create_t2_0_1_, resource1_.description as descript3_0_1_, resource1_.icon as icon4_0_1_, resource1_.is_hide as is_hide5_0_1_, resource1_.level as level6_0_1_, resource1_.name as name7_0_1_, resource1_.parent_id as parent_13_0_1_, resource1_.sort as sort8_0_1_, resource1_.source_key as source_k9_0_1_, resource1_.source_url as source_10_0_1_, resource1_.type as type11_0_1_, resource1_.update_time as update_12_0_1_ from tb_role_resource resources0_ inner join tb_resource resource1_ on resources0_.resource_id=resource1_.id where resources0_.role_id=?
2018-06-29 15:17:16.418 [http-nio-8080-exec-10] DEBUG org.hibernate.SQL - select roles0_.user_id as user_id1_4_0_, roles0_.role_id as role_id2_4_0_, role1_.id as id1_1_1_, role1_.create_time as create_t2_1_1_, role1_.description as descript3_1_1_, role1_.name as name4_1_1_, role1_.role_key as role_key5_1_1_, role1_.status as status6_1_1_, role1_.update_time as update_t7_1_1_ from tb_user_role roles0_ inner join tb_role role1_ on roles0_.role_id=role1_.id where roles0_.user_id=?
2018-06-29 15:17:16.420 [http-nio-8080-exec-10] DEBUG org.hibernate.SQL - select resources0_.role_id as role_id1_2_0_, resources0_.resource_id as resource2_2_0_, resource1_.id as id1_0_1_, resource1_.create_time as create_t2_0_1_, resource1_.description as descript3_0_1_, resource1_.icon as icon4_0_1_, resource1_.is_hide as is_hide5_0_1_, resource1_.level as level6_0_1_, resource1_.name as name7_0_1_, resource1_.parent_id as parent_13_0_1_, resource1_.sort as sort8_0_1_, resource1_.source_key as source_k9_0_1_, resource1_.source_url as source_10_0_1_, resource1_.type as type11_0_1_, resource1_.update_time as update_12_0_1_ from tb_role_resource resources0_ inner join tb_resource resource1_ on resources0_.resource_id=resource1_.id where resources0_.role_id=?
2018-06-29 16:02:32.846 [restartedMain] DEBUG net.sppan.base.config.listener.ApplicationEventListener - 初始化环境变量
2018-06-29 16:02:32.927 [restartedMain] INFO  net.sppan.base.Application - Starting Application on SOFT-LIN with PID 7828 (C:\Users\Administrator\Desktop\advertising\springboot_authority\target\classes started by Administrator in C:\Users\Administrator\Desktop\advertising\springboot_authority)
2018-06-29 16:02:32.927 [restartedMain] DEBUG net.sppan.base.Application - Running with Spring Boot v1.5.2.RELEASE, Spring v4.3.7.RELEASE
2018-06-29 16:02:32.927 [restartedMain] INFO  net.sppan.base.Application - No active profile set, falling back to default profiles: default
2018-06-29 16:02:32.966 [restartedMain] DEBUG net.sppan.base.config.listener.ApplicationEventListener - 初始化环境变量完成
2018-06-29 16:02:33.301 [background-preinit] DEBUG org.jboss.logging - Logging Provider: org.jboss.logging.Slf4jLoggerProvider found via system property
2018-06-29 16:02:34.701 [restartedMain] DEBUG net.sf.ehcache.config.ConfigurationFactory - Configuring ehcache from InputStream
2018-06-29 16:02:34.709 [restartedMain] DEBUG net.sf.ehcache.config.BeanHandler - Ignoring ehcache attribute xmlns:xsi
2018-06-29 16:02:34.709 [restartedMain] DEBUG net.sf.ehcache.config.BeanHandler - Ignoring ehcache attribute xsi:noNamespaceSchemaLocation
2018-06-29 16:02:34.710 [restartedMain] DEBUG net.sf.ehcache.config.DiskStoreConfiguration - Disk Store Path: C:\Users\Administrator\AppData\Local\Temp\
2018-06-29 16:02:34.719 [restartedMain] DEBUG net.sf.ehcache.util.PropertyUtil - propertiesString is null.
2018-06-29 16:02:34.725 [restartedMain] DEBUG net.sf.ehcache.config.ConfigurationHelper - No CacheManagerEventListenerFactory class specified. Skipping...
2018-06-29 16:02:34.799 [restartedMain] DEBUG net.sf.ehcache.Cache - No BootstrapCacheLoaderFactory class specified. Skipping...
2018-06-29 16:02:34.799 [restartedMain] DEBUG net.sf.ehcache.Cache - CacheWriter factory not configured. Skipping...
2018-06-29 16:02:34.799 [restartedMain] DEBUG net.sf.ehcache.config.ConfigurationHelper - No CacheExceptionHandlerFactory class specified. Skipping...
2018-06-29 16:02:34.804 [restartedMain] DEBUG net.sf.ehcache.Cache - No BootstrapCacheLoaderFactory class specified. Skipping...
2018-06-29 16:02:34.804 [restartedMain] DEBUG net.sf.ehcache.Cache - CacheWriter factory not configured. Skipping...
2018-06-29 16:02:34.804 [restartedMain] DEBUG net.sf.ehcache.config.ConfigurationHelper - No CacheExceptionHandlerFactory class specified. Skipping...
2018-06-29 16:02:34.804 [restartedMain] WARN  net.sf.ehcache.config.CacheConfiguration - Configuration problem for cache resourceCache: MaxEntriesLocalHeap equal or greater than MaxEntriesLocalDisk. This will result in useless disk storage.
2018-06-29 16:02:34.814 [restartedMain] DEBUG net.sf.ehcache.DiskStorePathManager - Using diskstore path C:\Users\Administrator\AppData\Local\Temp
2018-06-29 16:02:34.814 [restartedMain] DEBUG net.sf.ehcache.DiskStorePathManager - Holding exclusive lock on C:\Users\Administrator\AppData\Local\Temp\.ehcache-diskstore.lock
2018-06-29 16:02:34.817 [restartedMain] DEBUG net.sf.ehcache.store.disk.DiskStorageFactory - Failed to delete file resource%0043ache.index
2018-06-29 16:02:34.822 [restartedMain] DEBUG net.sf.ehcache.store.disk.DiskStorageFactory - Matching data file missing (or empty) for index file. Deleting index file C:\Users\Administrator\AppData\Local\Temp\resource%0043ache.index
2018-06-29 16:02:34.822 [restartedMain] DEBUG net.sf.ehcache.store.disk.DiskStorageFactory - Failed to delete file resource%0043ache.index
2018-06-29 16:02:34.854 [restartedMain] DEBUG net.sf.ehcache.statistics.extended.ExtendedStatisticsImpl - Mocking Pass-Through Statistic: LOCAL_OFFHEAP_SIZE
2018-06-29 16:02:34.855 [restartedMain] DEBUG net.sf.ehcache.statistics.extended.ExtendedStatisticsImpl - Mocking Pass-Through Statistic: LOCAL_OFFHEAP_SIZE_BYTES
2018-06-29 16:02:34.855 [restartedMain] DEBUG net.sf.ehcache.statistics.extended.ExtendedStatisticsImpl - Mocking Pass-Through Statistic: WRITER_QUEUE_LENGTH
2018-06-29 16:02:34.855 [restartedMain] DEBUG net.sf.ehcache.statistics.extended.ExtendedStatisticsImpl - Mocking Pass-Through Statistic: REMOTE_SIZE
2018-06-29 16:02:34.855 [restartedMain] DEBUG net.sf.ehcache.statistics.extended.ExtendedStatisticsImpl - Mocking Pass-Through Statistic: LAST_REJOIN_TIMESTAMP
2018-06-29 16:02:34.862 [restartedMain] DEBUG net.sf.ehcache.statistics.extended.ExtendedStatisticsImpl - Mocking Operation Statistic: OFFHEAP_GET
2018-06-29 16:02:34.862 [restartedMain] DEBUG net.sf.ehcache.statistics.extended.ExtendedStatisticsImpl - Mocking Operation Statistic: OFFHEAP_PUT
2018-06-29 16:02:34.862 [restartedMain] DEBUG net.sf.ehcache.statistics.extended.ExtendedStatisticsImpl - Mocking Operation Statistic: OFFHEAP_REMOVE
2018-06-29 16:02:34.863 [restartedMain] DEBUG net.sf.ehcache.statistics.extended.ExtendedStatisticsImpl - Mocking Operation Statistic: XA_COMMIT
2018-06-29 16:02:34.863 [restartedMain] DEBUG net.sf.ehcache.statistics.extended.ExtendedStatisticsImpl - Mocking Operation Statistic: XA_ROLLBACK
2018-06-29 16:02:34.863 [restartedMain] DEBUG net.sf.ehcache.statistics.extended.ExtendedStatisticsImpl - Mocking Operation Statistic: XA_RECOVERY
2018-06-29 16:02:34.863 [restartedMain] DEBUG net.sf.ehcache.statistics.extended.ExtendedStatisticsImpl - Mocking Operation Statistic: CLUSTER_EVENT
2018-06-29 16:02:34.863 [restartedMain] DEBUG net.sf.ehcache.statistics.extended.ExtendedStatisticsImpl - Mocking Operation Statistic: NONSTOP
2018-06-29 16:02:34.867 [restartedMain] DEBUG net.sf.ehcache.Cache - Initialised cache: resourceCache
2018-06-29 16:02:34.868 [restartedMain] DEBUG net.sf.ehcache.config.ConfigurationHelper - CacheDecoratorFactory not configured. Skipping for 'resourceCache'.
2018-06-29 16:02:34.868 [restartedMain] DEBUG net.sf.ehcache.config.ConfigurationHelper - CacheDecoratorFactory not configured for defaultCache. Skipping for 'resourceCache'.
2018-06-29 16:02:35.204 [restartedMain] INFO  com.alibaba.druid.pool.DruidDataSource - {dataSource-1} inited
2018-06-29 16:02:37.135 [restartedMain] INFO  org.apache.catalina.core.StandardService - Starting service Tomcat
2018-06-29 16:02:37.136 [restartedMain] INFO  org.apache.catalina.core.StandardEngine - Starting Servlet Engine: Apache Tomcat/8.5.11
2018-06-29 16:02:37.214 [localhost-startStop-1] INFO  org.apache.catalina.core.ContainerBase.[Tomcat].[localhost].[/] - Initializing Spring embedded WebApplicationContext
2018-06-29 16:02:38.961 [restartedMain] DEBUG net.sppan.base.config.listener.ApplicationEventListener - 应用刷新
2018-06-29 16:02:38.971 [restartedMain] INFO  org.apache.coyote.http11.Http11NioProtocol - Initializing ProtocolHandler ["http-nio-8080"]
2018-06-29 16:02:38.982 [restartedMain] INFO  org.apache.coyote.http11.Http11NioProtocol - Starting ProtocolHandler [http-nio-8080]
2018-06-29 16:02:38.991 [restartedMain] INFO  org.apache.tomcat.util.net.NioSelectorPool - Using a shared selector for servlet write/read
2018-06-29 16:02:39.012 [restartedMain] DEBUG net.sppan.base.config.listener.ApplicationEventListener - 应用已启动完成
2018-06-29 16:02:39.012 [restartedMain] INFO  net.sppan.base.Application - Started Application in 6.339 seconds (JVM running for 6.814)
2018-06-29 16:02:39.012 [restartedMain] DEBUG net.sppan.base.Application - 启动成功
2018-06-29 16:02:39.166 [http-nio-8080-exec-1] INFO  org.apache.catalina.core.ContainerBase.[Tomcat].[localhost].[/] - Initializing Spring FrameworkServlet 'dispatcherServlet'
2018-06-29 16:02:44.513 [http-nio-8080-exec-8] DEBUG org.hibernate.SQL - select user0_.id as id1_3_, user0_.address as address2_3_, user0_.birthday as birthday3_3_, user0_.create_time as create_t4_3_, user0_.delete_status as delete_s5_3_, user0_.description as descript6_3_, user0_.email as email7_3_, user0_.locked as locked8_3_, user0_.nick_name as nick_nam9_3_, user0_.password as passwor10_3_, user0_.sex as sex11_3_, user0_.telephone as telepho12_3_, user0_.update_time as update_13_3_, user0_.user_name as user_na14_3_ from tb_user user0_ where user0_.user_name=?
2018-06-29 16:02:44.812 [http-nio-8080-exec-2] DEBUG org.hibernate.SQL - select user0_.id as id1_3_, user0_.address as address2_3_, user0_.birthday as birthday3_3_, user0_.create_time as create_t4_3_, user0_.delete_status as delete_s5_3_, user0_.description as descript6_3_, user0_.email as email7_3_, user0_.locked as locked8_3_, user0_.nick_name as nick_nam9_3_, user0_.password as passwor10_3_, user0_.sex as sex11_3_, user0_.telephone as telepho12_3_, user0_.update_time as update_13_3_, user0_.user_name as user_na14_3_ from tb_user user0_ where user0_.user_name=?
2018-06-29 16:02:44.818 [http-nio-8080-exec-2] DEBUG org.hibernate.SQL - select roles0_.user_id as user_id1_4_0_, roles0_.role_id as role_id2_4_0_, role1_.id as id1_1_1_, role1_.create_time as create_t2_1_1_, role1_.description as descript3_1_1_, role1_.name as name4_1_1_, role1_.role_key as role_key5_1_1_, role1_.status as status6_1_1_, role1_.update_time as update_t7_1_1_ from tb_user_role roles0_ inner join tb_role role1_ on roles0_.role_id=role1_.id where roles0_.user_id=?
2018-06-29 16:02:44.829 [http-nio-8080-exec-2] DEBUG org.hibernate.SQL - select resources0_.role_id as role_id1_2_0_, resources0_.resource_id as resource2_2_0_, resource1_.id as id1_0_1_, resource1_.create_time as create_t2_0_1_, resource1_.description as descript3_0_1_, resource1_.icon as icon4_0_1_, resource1_.is_hide as is_hide5_0_1_, resource1_.level as level6_0_1_, resource1_.name as name7_0_1_, resource1_.parent_id as parent_13_0_1_, resource1_.sort as sort8_0_1_, resource1_.source_key as source_k9_0_1_, resource1_.source_url as source_10_0_1_, resource1_.type as type11_0_1_, resource1_.update_time as update_12_0_1_ from tb_role_resource resources0_ inner join tb_resource resource1_ on resources0_.resource_id=resource1_.id where resources0_.role_id=?
2018-06-29 16:02:44.838 [http-nio-8080-exec-2] DEBUG org.hibernate.SQL - select user0_.id as id1_3_, user0_.address as address2_3_, user0_.birthday as birthday3_3_, user0_.create_time as create_t4_3_, user0_.delete_status as delete_s5_3_, user0_.description as descript6_3_, user0_.email as email7_3_, user0_.locked as locked8_3_, user0_.nick_name as nick_nam9_3_, user0_.password as passwor10_3_, user0_.sex as sex11_3_, user0_.telephone as telepho12_3_, user0_.update_time as update_13_3_, user0_.user_name as user_na14_3_ from tb_user user0_ where user0_.user_name=?
2018-06-29 16:02:44.844 [http-nio-8080-exec-2] DEBUG org.hibernate.SQL - select user0_.id as id1_3_, user0_.address as address2_3_, user0_.birthday as birthday3_3_, user0_.create_time as create_t4_3_, user0_.delete_status as delete_s5_3_, user0_.description as descript6_3_, user0_.email as email7_3_, user0_.locked as locked8_3_, user0_.nick_name as nick_nam9_3_, user0_.password as passwor10_3_, user0_.sex as sex11_3_, user0_.telephone as telepho12_3_, user0_.update_time as update_13_3_, user0_.user_name as user_na14_3_ from tb_user user0_ where user0_.user_name=?
2018-06-29 16:02:44.849 [http-nio-8080-exec-2] DEBUG org.hibernate.SQL - select user0_.id as id1_3_, user0_.address as address2_3_, user0_.birthday as birthday3_3_, user0_.create_time as create_t4_3_, user0_.delete_status as delete_s5_3_, user0_.description as descript6_3_, user0_.email as email7_3_, user0_.locked as locked8_3_, user0_.nick_name as nick_nam9_3_, user0_.password as passwor10_3_, user0_.sex as sex11_3_, user0_.telephone as telepho12_3_, user0_.update_time as update_13_3_, user0_.user_name as user_na14_3_ from tb_user user0_ where user0_.user_name=?
2018-06-29 16:02:44.853 [http-nio-8080-exec-2] DEBUG org.hibernate.SQL - select user0_.id as id1_3_, user0_.address as address2_3_, user0_.birthday as birthday3_3_, user0_.create_time as create_t4_3_, user0_.delete_status as delete_s5_3_, user0_.description as descript6_3_, user0_.email as email7_3_, user0_.locked as locked8_3_, user0_.nick_name as nick_nam9_3_, user0_.password as passwor10_3_, user0_.sex as sex11_3_, user0_.telephone as telepho12_3_, user0_.update_time as update_13_3_, user0_.user_name as user_na14_3_ from tb_user user0_ where user0_.user_name=?
2018-06-29 16:02:44.860 [http-nio-8080-exec-2] DEBUG org.hibernate.SQL - select user0_.id as id1_3_, user0_.address as address2_3_, user0_.birthday as birthday3_3_, user0_.create_time as create_t4_3_, user0_.delete_status as delete_s5_3_, user0_.description as descript6_3_, user0_.email as email7_3_, user0_.locked as locked8_3_, user0_.nick_name as nick_nam9_3_, user0_.password as passwor10_3_, user0_.sex as sex11_3_, user0_.telephone as telepho12_3_, user0_.update_time as update_13_3_, user0_.user_name as user_na14_3_ from tb_user user0_ where user0_.user_name=?
2018-06-29 16:02:49.231 [http-nio-8080-exec-8] DEBUG org.hibernate.SQL - select user0_.id as id1_3_, user0_.address as address2_3_, user0_.birthday as birthday3_3_, user0_.create_time as create_t4_3_, user0_.delete_status as delete_s5_3_, user0_.description as descript6_3_, user0_.email as email7_3_, user0_.locked as locked8_3_, user0_.nick_name as nick_nam9_3_, user0_.password as passwor10_3_, user0_.sex as sex11_3_, user0_.telephone as telepho12_3_, user0_.update_time as update_13_3_, user0_.user_name as user_na14_3_ from tb_user user0_ where user0_.user_name=?
2018-06-29 16:02:49.239 [http-nio-8080-exec-8] DEBUG org.hibernate.SQL - select roles0_.user_id as user_id1_4_0_, roles0_.role_id as role_id2_4_0_, role1_.id as id1_1_1_, role1_.create_time as create_t2_1_1_, role1_.description as descript3_1_1_, role1_.name as name4_1_1_, role1_.role_key as role_key5_1_1_, role1_.status as status6_1_1_, role1_.update_time as update_t7_1_1_ from tb_user_role roles0_ inner join tb_role role1_ on roles0_.role_id=role1_.id where roles0_.user_id=?
2018-06-29 16:02:49.241 [http-nio-8080-exec-8] DEBUG org.hibernate.SQL - select resources0_.role_id as role_id1_2_0_, resources0_.resource_id as resource2_2_0_, resource1_.id as id1_0_1_, resource1_.create_time as create_t2_0_1_, resource1_.description as descript3_0_1_, resource1_.icon as icon4_0_1_, resource1_.is_hide as is_hide5_0_1_, resource1_.level as level6_0_1_, resource1_.name as name7_0_1_, resource1_.parent_id as parent_13_0_1_, resource1_.sort as sort8_0_1_, resource1_.source_key as source_k9_0_1_, resource1_.source_url as source_10_0_1_, resource1_.type as type11_0_1_, resource1_.update_time as update_12_0_1_ from tb_role_resource resources0_ inner join tb_resource resource1_ on resources0_.resource_id=resource1_.id where resources0_.role_id=?
2018-06-29 16:02:49.248 [http-nio-8080-exec-8] DEBUG org.hibernate.SQL - select user0_.id as id1_3_, user0_.address as address2_3_, user0_.birthday as birthday3_3_, user0_.create_time as create_t4_3_, user0_.delete_status as delete_s5_3_, user0_.description as descript6_3_, user0_.email as email7_3_, user0_.locked as locked8_3_, user0_.nick_name as nick_nam9_3_, user0_.password as passwor10_3_, user0_.sex as sex11_3_, user0_.telephone as telepho12_3_, user0_.update_time as update_13_3_, user0_.user_name as user_na14_3_ from tb_user user0_ where user0_.user_name=?
2018-06-29 16:02:49.252 [http-nio-8080-exec-8] DEBUG org.hibernate.SQL - select user0_.id as id1_3_, user0_.address as address2_3_, user0_.birthday as birthday3_3_, user0_.create_time as create_t4_3_, user0_.delete_status as delete_s5_3_, user0_.description as descript6_3_, user0_.email as email7_3_, user0_.locked as locked8_3_, user0_.nick_name as nick_nam9_3_, user0_.password as passwor10_3_, user0_.sex as sex11_3_, user0_.telephone as telepho12_3_, user0_.update_time as update_13_3_, user0_.user_name as user_na14_3_ from tb_user user0_ where user0_.user_name=?
2018-06-29 16:02:49.259 [http-nio-8080-exec-8] DEBUG org.hibernate.SQL - select user0_.id as id1_3_, user0_.address as address2_3_, user0_.birthday as birthday3_3_, user0_.create_time as create_t4_3_, user0_.delete_status as delete_s5_3_, user0_.description as descript6_3_, user0_.email as email7_3_, user0_.locked as locked8_3_, user0_.nick_name as nick_nam9_3_, user0_.password as passwor10_3_, user0_.sex as sex11_3_, user0_.telephone as telepho12_3_, user0_.update_time as update_13_3_, user0_.user_name as user_na14_3_ from tb_user user0_ where user0_.user_name=?
2018-06-29 16:02:49.415 [http-nio-8080-exec-8] DEBUG org.hibernate.SQL - select user0_.id as id1_3_, user0_.address as address2_3_, user0_.birthday as birthday3_3_, user0_.create_time as create_t4_3_, user0_.delete_status as delete_s5_3_, user0_.description as descript6_3_, user0_.email as email7_3_, user0_.locked as locked8_3_, user0_.nick_name as nick_nam9_3_, user0_.password as passwor10_3_, user0_.sex as sex11_3_, user0_.telephone as telepho12_3_, user0_.update_time as update_13_3_, user0_.user_name as user_na14_3_ from tb_user user0_ limit ?
2018-06-29 16:02:49.479 [http-nio-8080-exec-8] DEBUG org.hibernate.SQL - select roles0_.user_id as user_id1_4_0_, roles0_.role_id as role_id2_4_0_, role1_.id as id1_1_1_, role1_.create_time as create_t2_1_1_, role1_.description as descript3_1_1_, role1_.name as name4_1_1_, role1_.role_key as role_key5_1_1_, role1_.status as status6_1_1_, role1_.update_time as update_t7_1_1_ from tb_user_role roles0_ inner join tb_role role1_ on roles0_.role_id=role1_.id where roles0_.user_id=?
2018-06-29 16:02:49.482 [http-nio-8080-exec-8] DEBUG org.hibernate.SQL - select resources0_.role_id as role_id1_2_0_, resources0_.resource_id as resource2_2_0_, resource1_.id as id1_0_1_, resource1_.create_time as create_t2_0_1_, resource1_.description as descript3_0_1_, resource1_.icon as icon4_0_1_, resource1_.is_hide as is_hide5_0_1_, resource1_.level as level6_0_1_, resource1_.name as name7_0_1_, resource1_.parent_id as parent_13_0_1_, resource1_.sort as sort8_0_1_, resource1_.source_key as source_k9_0_1_, resource1_.source_url as source_10_0_1_, resource1_.type as type11_0_1_, resource1_.update_time as update_12_0_1_ from tb_role_resource resources0_ inner join tb_resource resource1_ on resources0_.resource_id=resource1_.id where resources0_.role_id=?
2018-06-29 16:02:49.490 [http-nio-8080-exec-8] DEBUG org.hibernate.SQL - select roles0_.user_id as user_id1_4_0_, roles0_.role_id as role_id2_4_0_, role1_.id as id1_1_1_, role1_.create_time as create_t2_1_1_, role1_.description as descript3_1_1_, role1_.name as name4_1_1_, role1_.role_key as role_key5_1_1_, role1_.status as status6_1_1_, role1_.update_time as update_t7_1_1_ from tb_user_role roles0_ inner join tb_role role1_ on roles0_.role_id=role1_.id where roles0_.user_id=?
2018-06-29 16:02:49.493 [http-nio-8080-exec-8] DEBUG org.hibernate.SQL - select resources0_.role_id as role_id1_2_0_, resources0_.resource_id as resource2_2_0_, resource1_.id as id1_0_1_, resource1_.create_time as create_t2_0_1_, resource1_.description as descript3_0_1_, resource1_.icon as icon4_0_1_, resource1_.is_hide as is_hide5_0_1_, resource1_.level as level6_0_1_, resource1_.name as name7_0_1_, resource1_.parent_id as parent_13_0_1_, resource1_.sort as sort8_0_1_, resource1_.source_key as source_k9_0_1_, resource1_.source_url as source_10_0_1_, resource1_.type as type11_0_1_, resource1_.update_time as update_12_0_1_ from tb_role_resource resources0_ inner join tb_resource resource1_ on resources0_.resource_id=resource1_.id where resources0_.role_id=?
2018-06-29 16:02:50.200 [http-nio-8080-exec-3] DEBUG org.hibernate.SQL - select user0_.id as id1_3_, user0_.address as address2_3_, user0_.birthday as birthday3_3_, user0_.create_time as create_t4_3_, user0_.delete_status as delete_s5_3_, user0_.description as descript6_3_, user0_.email as email7_3_, user0_.locked as locked8_3_, user0_.nick_name as nick_nam9_3_, user0_.password as passwor10_3_, user0_.sex as sex11_3_, user0_.telephone as telepho12_3_, user0_.update_time as update_13_3_, user0_.user_name as user_na14_3_ from tb_user user0_ where user0_.user_name=?
2018-06-29 16:02:50.202 [http-nio-8080-exec-3] DEBUG org.hibernate.SQL - select roles0_.user_id as user_id1_4_0_, roles0_.role_id as role_id2_4_0_, role1_.id as id1_1_1_, role1_.create_time as create_t2_1_1_, role1_.description as descript3_1_1_, role1_.name as name4_1_1_, role1_.role_key as role_key5_1_1_, role1_.status as status6_1_1_, role1_.update_time as update_t7_1_1_ from tb_user_role roles0_ inner join tb_role role1_ on roles0_.role_id=role1_.id where roles0_.user_id=?
2018-06-29 16:02:50.204 [http-nio-8080-exec-3] DEBUG org.hibernate.SQL - select resources0_.role_id as role_id1_2_0_, resources0_.resource_id as resource2_2_0_, resource1_.id as id1_0_1_, resource1_.create_time as create_t2_0_1_, resource1_.description as descript3_0_1_, resource1_.icon as icon4_0_1_, resource1_.is_hide as is_hide5_0_1_, resource1_.level as level6_0_1_, resource1_.name as name7_0_1_, resource1_.parent_id as parent_13_0_1_, resource1_.sort as sort8_0_1_, resource1_.source_key as source_k9_0_1_, resource1_.source_url as source_10_0_1_, resource1_.type as type11_0_1_, resource1_.update_time as update_12_0_1_ from tb_role_resource resources0_ inner join tb_resource resource1_ on resources0_.resource_id=resource1_.id where resources0_.role_id=?
2018-06-29 16:02:50.212 [http-nio-8080-exec-3] DEBUG org.hibernate.SQL - select user0_.id as id1_3_, user0_.address as address2_3_, user0_.birthday as birthday3_3_, user0_.create_time as create_t4_3_, user0_.delete_status as delete_s5_3_, user0_.description as descript6_3_, user0_.email as email7_3_, user0_.locked as locked8_3_, user0_.nick_name as nick_nam9_3_, user0_.password as passwor10_3_, user0_.sex as sex11_3_, user0_.telephone as telepho12_3_, user0_.update_time as update_13_3_, user0_.user_name as user_na14_3_ from tb_user user0_ where user0_.user_name=?
2018-06-29 16:02:50.218 [http-nio-8080-exec-3] DEBUG org.hibernate.SQL - select user0_.id as id1_3_, user0_.address as address2_3_, user0_.birthday as birthday3_3_, user0_.create_time as create_t4_3_, user0_.delete_status as delete_s5_3_, user0_.description as descript6_3_, user0_.email as email7_3_, user0_.locked as locked8_3_, user0_.nick_name as nick_nam9_3_, user0_.password as passwor10_3_, user0_.sex as sex11_3_, user0_.telephone as telepho12_3_, user0_.update_time as update_13_3_, user0_.user_name as user_na14_3_ from tb_user user0_ where user0_.user_name=?
2018-06-29 16:02:50.224 [http-nio-8080-exec-3] DEBUG org.hibernate.SQL - select user0_.id as id1_3_, user0_.address as address2_3_, user0_.birthday as birthday3_3_, user0_.create_time as create_t4_3_, user0_.delete_status as delete_s5_3_, user0_.description as descript6_3_, user0_.email as email7_3_, user0_.locked as locked8_3_, user0_.nick_name as nick_nam9_3_, user0_.password as passwor10_3_, user0_.sex as sex11_3_, user0_.telephone as telepho12_3_, user0_.update_time as update_13_3_, user0_.user_name as user_na14_3_ from tb_user user0_ where user0_.user_name=?
2018-06-29 16:02:50.339 [http-nio-8080-exec-7] DEBUG org.hibernate.SQL - select role0_.id as id1_1_, role0_.create_time as create_t2_1_, role0_.description as descript3_1_, role0_.name as name4_1_, role0_.role_key as role_key5_1_, role0_.status as status6_1_, role0_.update_time as update_t7_1_ from tb_role role0_ limit ?
2018-06-29 16:02:50.345 [http-nio-8080-exec-7] DEBUG org.hibernate.SQL - select resources0_.role_id as role_id1_2_0_, resources0_.resource_id as resource2_2_0_, resource1_.id as id1_0_1_, resource1_.create_time as create_t2_0_1_, resource1_.description as descript3_0_1_, resource1_.icon as icon4_0_1_, resource1_.is_hide as is_hide5_0_1_, resource1_.level as level6_0_1_, resource1_.name as name7_0_1_, resource1_.parent_id as parent_13_0_1_, resource1_.sort as sort8_0_1_, resource1_.source_key as source_k9_0_1_, resource1_.source_url as source_10_0_1_, resource1_.type as type11_0_1_, resource1_.update_time as update_12_0_1_ from tb_role_resource resources0_ inner join tb_resource resource1_ on resources0_.resource_id=resource1_.id where resources0_.role_id=?
2018-06-29 16:02:50.352 [http-nio-8080-exec-7] DEBUG org.hibernate.SQL - select resources0_.role_id as role_id1_2_0_, resources0_.resource_id as resource2_2_0_, resource1_.id as id1_0_1_, resource1_.create_time as create_t2_0_1_, resource1_.description as descript3_0_1_, resource1_.icon as icon4_0_1_, resource1_.is_hide as is_hide5_0_1_, resource1_.level as level6_0_1_, resource1_.name as name7_0_1_, resource1_.parent_id as parent_13_0_1_, resource1_.sort as sort8_0_1_, resource1_.source_key as source_k9_0_1_, resource1_.source_url as source_10_0_1_, resource1_.type as type11_0_1_, resource1_.update_time as update_12_0_1_ from tb_role_resource resources0_ inner join tb_resource resource1_ on resources0_.resource_id=resource1_.id where resources0_.role_id=?
2018-06-29 16:02:51.712 [http-nio-8080-exec-5] DEBUG org.hibernate.SQL - select user0_.id as id1_3_, user0_.address as address2_3_, user0_.birthday as birthday3_3_, user0_.create_time as create_t4_3_, user0_.delete_status as delete_s5_3_, user0_.description as descript6_3_, user0_.email as email7_3_, user0_.locked as locked8_3_, user0_.nick_name as nick_nam9_3_, user0_.password as passwor10_3_, user0_.sex as sex11_3_, user0_.telephone as telepho12_3_, user0_.update_time as update_13_3_, user0_.user_name as user_na14_3_ from tb_user user0_ where user0_.user_name=?
2018-06-29 16:02:51.715 [http-nio-8080-exec-5] DEBUG org.hibernate.SQL - select roles0_.user_id as user_id1_4_0_, roles0_.role_id as role_id2_4_0_, role1_.id as id1_1_1_, role1_.create_time as create_t2_1_1_, role1_.description as descript3_1_1_, role1_.name as name4_1_1_, role1_.role_key as role_key5_1_1_, role1_.status as status6_1_1_, role1_.update_time as update_t7_1_1_ from tb_user_role roles0_ inner join tb_role role1_ on roles0_.role_id=role1_.id where roles0_.user_id=?
2018-06-29 16:02:51.716 [http-nio-8080-exec-5] DEBUG org.hibernate.SQL - select resources0_.role_id as role_id1_2_0_, resources0_.resource_id as resource2_2_0_, resource1_.id as id1_0_1_, resource1_.create_time as create_t2_0_1_, resource1_.description as descript3_0_1_, resource1_.icon as icon4_0_1_, resource1_.is_hide as is_hide5_0_1_, resource1_.level as level6_0_1_, resource1_.name as name7_0_1_, resource1_.parent_id as parent_13_0_1_, resource1_.sort as sort8_0_1_, resource1_.source_key as source_k9_0_1_, resource1_.source_url as source_10_0_1_, resource1_.type as type11_0_1_, resource1_.update_time as update_12_0_1_ from tb_role_resource resources0_ inner join tb_resource resource1_ on resources0_.resource_id=resource1_.id where resources0_.role_id=?
2018-06-29 16:02:51.741 [http-nio-8080-exec-5] DEBUG org.hibernate.SQL - select user0_.id as id1_3_, user0_.address as address2_3_, user0_.birthday as birthday3_3_, user0_.create_time as create_t4_3_, user0_.delete_status as delete_s5_3_, user0_.description as descript6_3_, user0_.email as email7_3_, user0_.locked as locked8_3_, user0_.nick_name as nick_nam9_3_, user0_.password as passwor10_3_, user0_.sex as sex11_3_, user0_.telephone as telepho12_3_, user0_.update_time as update_13_3_, user0_.user_name as user_na14_3_ from tb_user user0_ where user0_.user_name=?
2018-06-29 16:02:51.745 [http-nio-8080-exec-5] DEBUG org.hibernate.SQL - select user0_.id as id1_3_, user0_.address as address2_3_, user0_.birthday as birthday3_3_, user0_.create_time as create_t4_3_, user0_.delete_status as delete_s5_3_, user0_.description as descript6_3_, user0_.email as email7_3_, user0_.locked as locked8_3_, user0_.nick_name as nick_nam9_3_, user0_.password as passwor10_3_, user0_.sex as sex11_3_, user0_.telephone as telepho12_3_, user0_.update_time as update_13_3_, user0_.user_name as user_na14_3_ from tb_user user0_ where user0_.user_name=?
2018-06-29 16:02:51.748 [http-nio-8080-exec-5] DEBUG org.hibernate.SQL - select user0_.id as id1_3_, user0_.address as address2_3_, user0_.birthday as birthday3_3_, user0_.create_time as create_t4_3_, user0_.delete_status as delete_s5_3_, user0_.description as descript6_3_, user0_.email as email7_3_, user0_.locked as locked8_3_, user0_.nick_name as nick_nam9_3_, user0_.password as passwor10_3_, user0_.sex as sex11_3_, user0_.telephone as telepho12_3_, user0_.update_time as update_13_3_, user0_.user_name as user_na14_3_ from tb_user user0_ where user0_.user_name=?
2018-06-29 16:02:51.862 [http-nio-8080-exec-6] DEBUG org.hibernate.SQL - select resource0_.id as id1_0_, resource0_.create_time as create_t2_0_, resource0_.description as descript3_0_, resource0_.icon as icon4_0_, resource0_.is_hide as is_hide5_0_, resource0_.level as level6_0_, resource0_.name as name7_0_, resource0_.parent_id as parent_13_0_, resource0_.sort as sort8_0_, resource0_.source_key as source_k9_0_, resource0_.source_url as source_10_0_, resource0_.type as type11_0_, resource0_.update_time as update_12_0_ from tb_resource resource0_ limit ?
2018-06-29 16:02:51.869 [http-nio-8080-exec-6] DEBUG org.hibernate.SQL - select count(resource0_.id) as col_0_0_ from tb_resource resource0_
